  [1m[35m (1.3ms)[0m  [1m[35mCREATE DATABASE `jtk_berbagi` DEFAULT CHARACTER SET `utf8mb4`[0m
  [1m[35m (0.7ms)[0m  [1m[35mCREATE DATABASE `jtk_berbagi_test` DEFAULT CHARACTER SET `utf8mb4`[0m
  [1m[35m (1.5ms)[0m  [1m[34mSELECT `schema_migrations`.`version` FROM `schema_migrations` ORDER BY `schema_migrations`.`version` ASC[0m
  [1m[35m (1.0ms)[0m  [1m[34mSELECT `ar_internal_metadata`.`value` FROM `ar_internal_metadata` WHERE `ar_internal_metadata`.`key` = 'environment'[0m
  [1m[35m (0.3ms)[0m  [1m[34mSELECT `schema_migrations`.`version` FROM `schema_migrations` ORDER BY `schema_migrations`.`version` ASC[0m
  [1m[35m (0.2ms)[0m  [1m[34mSELECT `ar_internal_metadata`.`value` FROM `ar_internal_metadata` WHERE `ar_internal_metadata`.`key` = 'environment'[0m
  [1m[35m (0.2ms)[0m  [1m[34mSELECT `schema_migrations`.`version` FROM `schema_migrations` ORDER BY `schema_migrations`.`version` ASC[0m
  [1m[35m (0.2ms)[0m  [1m[34mSELECT `ar_internal_metadata`.`value` FROM `ar_internal_metadata` WHERE `ar_internal_metadata`.`key` = 'environment'[0m
  [1m[35m (36.6ms)[0m  [1m[35mDROP TABLE IF EXISTS `bantuandanabeasiswa` CASCADE[0m
  [1m[35m (21.7ms)[0m  [1m[35mCREATE TABLE `bantuandanabeasiswa` (`bantuan_dana_beasiswa_id` int NOT NULL, `alasan_butuh_bantuan` varchar(500) NOT NULL, `golongan_ukt` int NOT NULL, `kuitansi_pembayaran_ukt` varchar(500) NOT NULL, `gaji_orang_tua` int NOT NULL, `bukti_slip_gaji_orang_tua` varchar(500) NOT NULL, `esai` varchar(500) NOT NULL, `jumlah_tanggungan_keluarga` int NOT NULL, `biaya_transportasi` varchar(500) NOT NULL, `biaya_internet` varchar(500) NOT NULL, `biaya_kos` varchar(500), `biaya_konsumsi` varchar(500) NOT NULL, `total_pengeluaran_keluarga` int NOT NULL, `penilaian_esai` int, `nominal_penyaluran` json, `dokumen_kehadiran_perkuliahan` varchar(500), `status_pengajuan` int NOT NULL, `status_penyaluran` json, `status_kehadiran_perkuliahan` int, `mahasiswa_id` varchar(500) NOT NULL, `penggalangan_dana_beasiswa_id` int NOT NULL, PRIMARY KEY (`bantuan_dana_beasiswa_id`, `mahasiswa_id`, `penggalangan_dana_beasiswa_id`), UNIQUE INDEX `bantuan_dana_beasiswa_id_UNIQUE` (`bantuan_dana_beasiswa_id`), INDEX `fk_BantuanDanaBeasiswa_Mahasiswa1_idx` (`mahasiswa_id`), INDEX `fk_BantuanDanaBeasiswa_PenggalanganDanaBeasiswa1_idx` (`penggalangan_dana_beasiswa_id`)) DEFAULT CHARSET=utf8mb3[0m
  [1m[35m (3.1ms)[0m  [1m[35mDROP TABLE IF EXISTS `bantuandananonbeasiswa` CASCADE[0m
  [1m[35m (0.7ms)[0m  [1m[34mSELECT `schema_migrations`.`version` FROM `schema_migrations` ORDER BY `schema_migrations`.`version` ASC[0m
  [1m[35m (0.5ms)[0m  [1m[34mSELECT `ar_internal_metadata`.`value` FROM `ar_internal_metadata` WHERE `ar_internal_metadata`.`key` = 'environment'[0m
  [1m[35m (0.2ms)[0m  [1m[34mSELECT `schema_migrations`.`version` FROM `schema_migrations` ORDER BY `schema_migrations`.`version` ASC[0m
  [1m[35m (0.3ms)[0m  [1m[34mSELECT `ar_internal_metadata`.`value` FROM `ar_internal_metadata` WHERE `ar_internal_metadata`.`key` = 'environment'[0m
  [1m[35m (0.3ms)[0m  [1m[34mSELECT `schema_migrations`.`version` FROM `schema_migrations` ORDER BY `schema_migrations`.`version` ASC[0m
  [1m[35m (0.3ms)[0m  [1m[34mSELECT `ar_internal_metadata`.`value` FROM `ar_internal_metadata` WHERE `ar_internal_metadata`.`key` = 'environment'[0m
  [1m[35m (94.1ms)[0m  [1m[35mDROP DATABASE IF EXISTS `jtk_berbagi`[0m
  [1m[35m (97.7ms)[0m  [1m[35mDROP DATABASE IF EXISTS `jtk_berbagi_test`[0m
  [1m[35m (4.5ms)[0m  [1m[35mCREATE DATABASE `jtk_berbagi` DEFAULT CHARACTER SET `utf8mb4`[0m
  [1m[35m (2.3ms)[0m  [1m[35mCREATE DATABASE `jtk_berbagi_test` DEFAULT CHARACTER SET `utf8mb4`[0m
  [1m[35m (3.8ms)[0m  [1m[35mDROP TABLE IF EXISTS `bantuandanabeasiswa` CASCADE[0m
  [1m[35m (22.0ms)[0m  [1m[35mCREATE TABLE `bantuandanabeasiswa` (`bantuan_dana_beasiswa_id` int NOT NULL, `alasan_butuh_bantuan` varchar(500) NOT NULL, `golongan_ukt` int NOT NULL, `kuitansi_pembayaran_ukt` varchar(500) NOT NULL, `gaji_orang_tua` int NOT NULL, `bukti_slip_gaji_orang_tua` varchar(500) NOT NULL, `esai` varchar(500) NOT NULL, `jumlah_tanggungan_keluarga` int NOT NULL, `biaya_transportasi` varchar(500) NOT NULL, `biaya_internet` varchar(500) NOT NULL, `biaya_kos` varchar(500), `biaya_konsumsi` varchar(500) NOT NULL, `total_pengeluaran_keluarga` int NOT NULL, `penilaian_esai` int, `nominal_penyaluran` json, `dokumen_kehadiran_perkuliahan` varchar(500), `status_pengajuan` int NOT NULL, `status_penyaluran` json, `status_kehadiran_perkuliahan` int, `mahasiswa_id` varchar(500) NOT NULL, `penggalangan_dana_beasiswa_id` int NOT NULL, PRIMARY KEY (`bantuan_dana_beasiswa_id`, `mahasiswa_id`, `penggalangan_dana_beasiswa_id`), UNIQUE INDEX `bantuan_dana_beasiswa_id_UNIQUE` (`bantuan_dana_beasiswa_id`), INDEX `fk_BantuanDanaBeasiswa_Mahasiswa1_idx` (`mahasiswa_id`), INDEX `fk_BantuanDanaBeasiswa_PenggalanganDanaBeasiswa1_idx` (`penggalangan_dana_beasiswa_id`)) DEFAULT CHARSET=utf8mb3[0m
  [1m[35m (1.1ms)[0m  [1m[35mDROP TABLE IF EXISTS `bantuandananonbeasiswa` CASCADE[0m
  [1m[35m (16.4ms)[0m  [1m[35mCREATE TABLE `bantuandananonbeasiswa` (`bantuan_dana_non_beasiswa_id` int NOT NULL, `judul_galang_dana` varchar(500) NOT NULL, `waktu_galang_dana` date NOT NULL, `deskripsi_galang_dana` varchar(500) NOT NULL, `dana_yang_dibutuhkan` int NOT NULL, `bukti_butuh_bantuan` varchar(500) NOT NULL, `kategori` varchar(500) NOT NULL, `total_nominal_terkumpul` int, `status_pengajuan` int NOT NULL, `status_penyaluran` int, `penanggung_jawab_non_beasiswa_id` varchar(500) NOT NULL, PRIMARY KEY (`bantuan_dana_non_beasiswa_id`, `penanggung_jawab_non_beasiswa_id`), UNIQUE INDEX `bantuan_dana_non_beasiswa_id_UNIQUE` (`bantuan_dana_non_beasiswa_id`), INDEX `fk_BantuanDanaNonBeasiswa_PenanggungJawabNonBeasiswa1_idx` (`penanggung_jawab_non_beasiswa_id`)) DEFAULT CHARSET=utf8mb3[0m
  [1m[35m (1.6ms)[0m  [1m[35mDROP TABLE IF EXISTS `civitasakademika` CASCADE[0m
  [1m[35m (16.5ms)[0m  [1m[35mCREATE TABLE `civitasakademika` (`nomor_induk` varchar(500) NOT NULL PRIMARY KEY, `nama` varchar(500) NOT NULL, UNIQUE INDEX `nomor_induk_UNIQUE` (`nomor_induk`)) DEFAULT CHARSET=utf8mb3[0m
  [1m[35m (1.4ms)[0m  [1m[35mDROP TABLE IF EXISTS `dokumensertifikat` CASCADE[0m
  [1m[35m (12.9ms)[0m  [1m[35mCREATE TABLE `dokumensertifikat` (`jenis` int NOT NULL, `donatur_id` varchar(500) NOT NULL, PRIMARY KEY (`jenis`, `donatur_id`), INDEX `fk_DokumenSertifikat_Donatur1_idx` (`donatur_id`)) DEFAULT CHARSET=utf8mb3[0m
  [1m[35m (1.2ms)[0m  [1m[35mDROP TABLE IF EXISTS `donasi` CASCADE[0m
  [1m[35m (21.9ms)[0m  [1m[35mCREATE TABLE `donasi` (`nomor_referensi` varchar(500) NOT NULL, `nominal_donasi` int NOT NULL, `struk_pembayaran` varchar(500), `waktu_berakhir` time NOT NULL, `tanggal_approve` date, `status` int NOT NULL, `bantuan_dana_non_beasiswa_id` int, `penggalangan_dana_beasiswa_id` int, `donatur_id` varchar(500) NOT NULL, `dokumen_sertifikat_id` int, PRIMARY KEY (`nomor_referensi`, `donatur_id`), INDEX `fk_Donasi_BantuanDanaNonBeasiswa1_idx` (`bantuan_dana_non_beasiswa_id`), INDEX `fk_Donasi_DokumenSertifikat1_idx` (`dokumen_sertifikat_id`), INDEX `fk_Donasi_Donatur1_idx` (`donatur_id`), UNIQUE INDEX `nomor_referensi_UNIQUE` (`nomor_referensi`), INDEX `fk_Donasi_PenggalanganDanaBeasiswa1_idx` (`penggalangan_dana_beasiswa_id`)) DEFAULT CHARSET=utf8mb3[0m
  [1m[35m (1.4ms)[0m  [1m[35mDROP TABLE IF EXISTS `donatur` CASCADE[0m
  [1m[35m (12.7ms)[0m  [1m[35mCREATE TABLE `donatur` (`nomor_telepon` varchar(500) NOT NULL PRIMARY KEY, `nama` varchar(500) NOT NULL, `password_digest` varchar(500), `status` tinyint NOT NULL, UNIQUE INDEX `nomor_telepon_UNIQUE` (`nomor_telepon`)) DEFAULT CHARSET=utf8mb3[0m
  [1m[35m (1.1ms)[0m  [1m[35mDROP TABLE IF EXISTS `mahasiswa` CASCADE[0m
  [1m[35m (14.4ms)[0m  [1m[35mCREATE TABLE `mahasiswa` (`nim` varchar(500) NOT NULL PRIMARY KEY, `nama` varchar(500) NOT NULL, `nomor_telepon` varchar(500) NOT NULL, UNIQUE INDEX `nim_UNIQUE` (`nim`)) DEFAULT CHARSET=utf8mb3[0m
  [1m[35m (1.2ms)[0m  [1m[35mDROP TABLE IF EXISTS `penanggungjawab` CASCADE[0m
  [1m[35m (13.7ms)[0m  [1m[35mCREATE TABLE `penanggungjawab` (`role` int NOT NULL PRIMARY KEY, `nama` varchar(500) NOT NULL, `username` varchar(500) NOT NULL, `password_digest` varchar(500) NOT NULL, `nomor_telepon` varchar(500) NOT NULL, UNIQUE INDEX `role_UNIQUE` (`role`)) DEFAULT CHARSET=utf8mb3[0m
  [1m[35m (1.4ms)[0m  [1m[35mDROP TABLE IF EXISTS `penanggungjawabnonbeasiswa` CASCADE[0m
  [1m[35m (13.0ms)[0m  [1m[35mCREATE TABLE `penanggungjawabnonbeasiswa` (`nomor_induk` varchar(500) NOT NULL PRIMARY KEY, `nama` varchar(500) NOT NULL, `nomor_telepon` varchar(500) NOT NULL, UNIQUE INDEX `nomor_induk_UNIQUE` (`nomor_induk`)) DEFAULT CHARSET=utf8mb3[0m
  [1m[35m (1.5ms)[0m  [1m[35mDROP TABLE IF EXISTS `penanggungjawabnonbeasiswa_has_penerimanonbeasiswa` CASCADE[0m
  [1m[35m (15.1ms)[0m  [1m[35mCREATE TABLE `penanggungjawabnonbeasiswa_has_penerimanonbeasiswa` (`penanggung_jawab_non_beasiswa_id` varchar(500) NOT NULL, `penerima_non_beasiswa_id` varchar(500) NOT NULL, PRIMARY KEY (`penanggung_jawab_non_beasiswa_id`, `penerima_non_beasiswa_id`), INDEX `fk_PenanggungJawabNonBeasiswa_has_PenerimaNonBeasiswa_Penan_idx` (`penanggung_jawab_non_beasiswa_id`), INDEX `fk_PenanggungJawabNonBeasiswa_has_PenerimaNonBeasiswa_Pener_idx` (`penerima_non_beasiswa_id`)) DEFAULT CHARSET=utf8mb3[0m
  [1m[35m (1.5ms)[0m  [1m[35mDROP TABLE IF EXISTS `penerimanonbeasiswa` CASCADE[0m
  [1m[35m (15.3ms)[0m  [1m[35mCREATE TABLE `penerimanonbeasiswa` (`nomor_induk` varchar(500) NOT NULL PRIMARY KEY, `nama` varchar(500) NOT NULL, `nomor_telepon` varchar(500) NOT NULL, UNIQUE INDEX `nomor_induk_UNIQUE` (`nomor_induk`)) DEFAULT CHARSET=utf8mb3[0m
  [1m[35m (1.5ms)[0m  [1m[35mDROP TABLE IF EXISTS `penggalangandanabeasiswa` CASCADE[0m
  [1m[35m (15.5ms)[0m  [1m[35mCREATE TABLE `penggalangandanabeasiswa` (`penggalangan_dana_beasiswa_id` int NOT NULL, `deskripsi` varchar(500) NOT NULL, `judul` varchar(500) NOT NULL, `waktu_dimulai` date NOT NULL, `waktu_berakhir` date NOT NULL, `kuota_beasiswa` int, `target_dana` int NOT NULL, `target_penerima` int NOT NULL, `total_nominal_terkumpul` int NOT NULL, `status` tinyint NOT NULL, `penanggung_jawab_id` int NOT NULL, PRIMARY KEY (`penggalangan_dana_beasiswa_id`, `penanggung_jawab_id`), INDEX `fk_PenggalanganDanaBeasiswa_PenanggungJawab1_idx` (`penanggung_jawab_id`), UNIQUE INDEX `penggalangan_dana_beasiswa_id_UNIQUE` (`penggalangan_dana_beasiswa_id`)) DEFAULT CHARSET=utf8mb3[0m
  [1m[35m (1.3ms)[0m  [1m[35mDROP TABLE IF EXISTS `rekeningbank` CASCADE[0m
  [1m[35m (20.1ms)[0m  [1m[35mCREATE TABLE `rekeningbank` (`nomor_rekening` varchar(500) NOT NULL PRIMARY KEY, `nama_bank` varchar(500) NOT NULL, `nama_pemilik_rekening` varchar(500) NOT NULL, `penanggung_jawab_id` int, `mahasiswa_id` varchar(500), `penerima_non_beasiswa_id` varchar(500), `donatur_id` varchar(500), INDEX `fk_RekeningBank_Donatur1_idx` (`donatur_id`), INDEX `fk_RekeningBank_Mahasiswa1_idx` (`mahasiswa_id`), UNIQUE INDEX `nomor_rekening_UNIQUE` (`nomor_rekening`), INDEX `fk_RekeningBank_PenanggungJawab1_idx` (`penanggung_jawab_id`), INDEX `fk_RekeningBank_PenerimaNonBeasiswa1_idx` (`penerima_non_beasiswa_id`)) DEFAULT CHARSET=utf8mb3[0m
  [1m[35m (42.7ms)[0m  [1m[35mALTER TABLE `bantuandanabeasiswa` ADD CONSTRAINT `fk_BantuanDanaBeasiswa_Mahasiswa1`
FOREIGN KEY (`mahasiswa_id`)
  REFERENCES `mahasiswa` (`nim`)
[0m
  [1m[35m (43.9ms)[0m  [1m[35mALTER TABLE `bantuandanabeasiswa` ADD CONSTRAINT `fk_BantuanDanaBeasiswa_PenggalanganDanaBeasiswa1`
FOREIGN KEY (`penggalangan_dana_beasiswa_id`)
  REFERENCES `penggalangandanabeasiswa` (`penggalangan_dana_beasiswa_id`)
[0m
  [1m[35m (32.6ms)[0m  [1m[35mALTER TABLE `bantuandananonbeasiswa` ADD CONSTRAINT `fk_BantuanDanaNonBeasiswa_PenanggungJawabNonBeasiswa1`
FOREIGN KEY (`penanggung_jawab_non_beasiswa_id`)
  REFERENCES `penanggungjawabnonbeasiswa` (`nomor_induk`)
[0m
  [1m[35m (27.4ms)[0m  [1m[35mALTER TABLE `dokumensertifikat` ADD CONSTRAINT `fk_DokumenSertifikat_Donatur1`
FOREIGN KEY (`donatur_id`)
  REFERENCES `donatur` (`nomor_telepon`)
[0m
  [1m[35m (38.9ms)[0m  [1m[35mALTER TABLE `donasi` ADD CONSTRAINT `fk_Donasi_BantuanDanaNonBeasiswa1`
FOREIGN KEY (`bantuan_dana_non_beasiswa_id`)
  REFERENCES `bantuandananonbeasiswa` (`bantuan_dana_non_beasiswa_id`)
[0m
  [1m[35m (41.2ms)[0m  [1m[35mALTER TABLE `donasi` ADD CONSTRAINT `fk_Donasi_DokumenSertifikat1`
FOREIGN KEY (`dokumen_sertifikat_id`)
  REFERENCES `dokumensertifikat` (`jenis`)
[0m
  [1m[35m (49.3ms)[0m  [1m[35mALTER TABLE `donasi` ADD CONSTRAINT `fk_Donasi_Donatur1`
FOREIGN KEY (`donatur_id`)
  REFERENCES `donatur` (`nomor_telepon`)
[0m
  [1m[35m (70.8ms)[0m  [1m[35mALTER TABLE `donasi` ADD CONSTRAINT `fk_Donasi_PenggalanganDanaBeasiswa1`
FOREIGN KEY (`penggalangan_dana_beasiswa_id`)
  REFERENCES `penggalangandanabeasiswa` (`penggalangan_dana_beasiswa_id`)
[0m
  [1m[35m (58.2ms)[0m  [1m[35mALTER TABLE `penanggungjawabnonbeasiswa_has_penerimanonbeasiswa` ADD CONSTRAINT `fk_PenanggungJawabNonBeasiswa_has_PenerimaNonBeasiswa_Penangg1`
FOREIGN KEY (`penanggung_jawab_non_beasiswa_id`)
  REFERENCES `penanggungjawabnonbeasiswa` (`nomor_induk`)
[0m
  [1m[35m (55.8ms)[0m  [1m[35mALTER TABLE `penanggungjawabnonbeasiswa_has_penerimanonbeasiswa` ADD CONSTRAINT `fk_PenanggungJawabNonBeasiswa_has_PenerimaNonBeasiswa_Penerim1`
FOREIGN KEY (`penerima_non_beasiswa_id`)
  REFERENCES `penerimanonbeasiswa` (`nomor_induk`)
[0m
  [1m[35m (61.0ms)[0m  [1m[35mALTER TABLE `penggalangandanabeasiswa` ADD CONSTRAINT `fk_PenggalanganDanaBeasiswa_PenanggungJawab1`
FOREIGN KEY (`penanggung_jawab_id`)
  REFERENCES `penanggungjawab` (`role`)
[0m
  [1m[35m (64.8ms)[0m  [1m[35mALTER TABLE `rekeningbank` ADD CONSTRAINT `fk_RekeningBank_Donatur1`
FOREIGN KEY (`donatur_id`)
  REFERENCES `donatur` (`nomor_telepon`)
[0m
  [1m[35m (64.4ms)[0m  [1m[35mALTER TABLE `rekeningbank` ADD CONSTRAINT `fk_RekeningBank_Mahasiswa1`
FOREIGN KEY (`mahasiswa_id`)
  REFERENCES `mahasiswa` (`nim`)
[0m
  [1m[35m (65.2ms)[0m  [1m[35mALTER TABLE `rekeningbank` ADD CONSTRAINT `fk_RekeningBank_PenanggungJawab1`
FOREIGN KEY (`penanggung_jawab_id`)
  REFERENCES `penanggungjawab` (`role`)
[0m
  [1m[35m (68.7ms)[0m  [1m[35mALTER TABLE `rekeningbank` ADD CONSTRAINT `fk_RekeningBank_PenerimaNonBeasiswa1`
FOREIGN KEY (`penerima_non_beasiswa_id`)
  REFERENCES `penerimanonbeasiswa` (`nomor_induk`)
[0m
  [1m[35m (19.4ms)[0m  [1m[35mCREATE TABLE `schema_migrations` (`version` varchar(255) NOT NULL PRIMARY KEY)[0m
  [1m[35m (0.4ms)[0m  [1m[34mSELECT `schema_migrations`.`version` FROM `schema_migrations` ORDER BY `schema_migrations`.`version` ASC[0m
  [1m[35m (2.8ms)[0m  [1m[32mINSERT INTO `schema_migrations` (version) VALUES (20231101160721)[0m
  [1m[35m (4.5ms)[0m  [1m[32mINSERT INTO `schema_migrations` (version) VALUES
(20231003174726),
(20231003175119),
(20231003175304),
(20231003175354),
(20231003175458),
(20231003175534),
(20231003175614),
(20231003175700),
(20231003180231),
(20231003180332),
(20231003180618),
(20231004075229);

[0m
  [1m[35m (18.7ms)[0m  [1m[35mCREATE TABLE `ar_internal_metadata` (`key` varchar(255) NOT NULL PRIMARY KEY, `value` varchar(255), `created_at` datetime(6) NOT NULL, `updated_at` datetime(6) NOT NULL)[0m
  [1m[36mActiveRecord::InternalMetadata Load (0.6ms)[0m  [1m[34mSELECT `ar_internal_metadata`.* FROM `ar_internal_metadata` WHERE `ar_internal_metadata`.`key` = 'environment' LIMIT 1[0m
  [1m[36mTRANSACTION (0.2ms)[0m  [1m[35mBEGIN[0m
  [1m[36mActiveRecord::InternalMetadata Create (0.3ms)[0m  [1m[32mINSERT INTO `ar_internal_metadata` (`key`, `value`, `created_at`, `updated_at`) VALUES ('environment', 'development', '2025-05-10 11:59:10.887865', '2025-05-10 11:59:10.887865')[0m
  [1m[36mTRANSACTION (2.3ms)[0m  [1m[35mCOMMIT[0m
  [1m[36mActiveRecord::InternalMetadata Load (0.2ms)[0m  [1m[34mSELECT `ar_internal_metadata`.* FROM `ar_internal_metadata` WHERE `ar_internal_metadata`.`key` = 'environment' LIMIT 1[0m
  [1m[36mActiveRecord::InternalMetadata Load (0.2ms)[0m  [1m[34mSELECT `ar_internal_metadata`.* FROM `ar_internal_metadata` WHERE `ar_internal_metadata`.`key` = 'schema_sha1' LIMIT 1[0m
  [1m[36mTRANSACTION (0.1ms)[0m  [1m[35mBEGIN[0m
  [1m[36mActiveRecord::InternalMetadata Create (0.2ms)[0m  [1m[32mINSERT INTO `ar_internal_metadata` (`key`, `value`, `created_at`, `updated_at`) VALUES ('schema_sha1', 'ee4b86dc3c8eed90ca6a8d475eefc8d341f5e25e', '2025-05-10 11:59:10.896312', '2025-05-10 11:59:10.896312')[0m
  [1m[36mTRANSACTION (3.4ms)[0m  [1m[35mCOMMIT[0m
  [1m[35m (2.9ms)[0m  [1m[35mDROP TABLE IF EXISTS `bantuandanabeasiswa` CASCADE[0m
  [1m[35m (33.5ms)[0m  [1m[35mCREATE TABLE `bantuandanabeasiswa` (`bantuan_dana_beasiswa_id` int NOT NULL, `alasan_butuh_bantuan` varchar(500) NOT NULL, `golongan_ukt` int NOT NULL, `kuitansi_pembayaran_ukt` varchar(500) NOT NULL, `gaji_orang_tua` int NOT NULL, `bukti_slip_gaji_orang_tua` varchar(500) NOT NULL, `esai` varchar(500) NOT NULL, `jumlah_tanggungan_keluarga` int NOT NULL, `biaya_transportasi` varchar(500) NOT NULL, `biaya_internet` varchar(500) NOT NULL, `biaya_kos` varchar(500), `biaya_konsumsi` varchar(500) NOT NULL, `total_pengeluaran_keluarga` int NOT NULL, `penilaian_esai` int, `nominal_penyaluran` json, `dokumen_kehadiran_perkuliahan` varchar(500), `status_pengajuan` int NOT NULL, `status_penyaluran` json, `status_kehadiran_perkuliahan` int, `mahasiswa_id` varchar(500) NOT NULL, `penggalangan_dana_beasiswa_id` int NOT NULL, PRIMARY KEY (`bantuan_dana_beasiswa_id`, `mahasiswa_id`, `penggalangan_dana_beasiswa_id`), UNIQUE INDEX `bantuan_dana_beasiswa_id_UNIQUE` (`bantuan_dana_beasiswa_id`), INDEX `fk_BantuanDanaBeasiswa_Mahasiswa1_idx` (`mahasiswa_id`), INDEX `fk_BantuanDanaBeasiswa_PenggalanganDanaBeasiswa1_idx` (`penggalangan_dana_beasiswa_id`)) DEFAULT CHARSET=utf8mb3[0m
  [1m[35m (2.0ms)[0m  [1m[35mDROP TABLE IF EXISTS `bantuandananonbeasiswa` CASCADE[0m
  [1m[35m (41.7ms)[0m  [1m[35mCREATE TABLE `bantuandananonbeasiswa` (`bantuan_dana_non_beasiswa_id` int NOT NULL, `judul_galang_dana` varchar(500) NOT NULL, `waktu_galang_dana` date NOT NULL, `deskripsi_galang_dana` varchar(500) NOT NULL, `dana_yang_dibutuhkan` int NOT NULL, `bukti_butuh_bantuan` varchar(500) NOT NULL, `kategori` varchar(500) NOT NULL, `total_nominal_terkumpul` int, `status_pengajuan` int NOT NULL, `status_penyaluran` int, `penanggung_jawab_non_beasiswa_id` varchar(500) NOT NULL, PRIMARY KEY (`bantuan_dana_non_beasiswa_id`, `penanggung_jawab_non_beasiswa_id`), UNIQUE INDEX `bantuan_dana_non_beasiswa_id_UNIQUE` (`bantuan_dana_non_beasiswa_id`), INDEX `fk_BantuanDanaNonBeasiswa_PenanggungJawabNonBeasiswa1_idx` (`penanggung_jawab_non_beasiswa_id`)) DEFAULT CHARSET=utf8mb3[0m
  [1m[35m (1.9ms)[0m  [1m[35mDROP TABLE IF EXISTS `civitasakademika` CASCADE[0m
  [1m[35m (25.0ms)[0m  [1m[35mCREATE TABLE `civitasakademika` (`nomor_induk` varchar(500) NOT NULL PRIMARY KEY, `nama` varchar(500) NOT NULL, UNIQUE INDEX `nomor_induk_UNIQUE` (`nomor_induk`)) DEFAULT CHARSET=utf8mb3[0m
  [1m[35m (2.0ms)[0m  [1m[35mDROP TABLE IF EXISTS `dokumensertifikat` CASCADE[0m
  [1m[35m (32.0ms)[0m  [1m[35mCREATE TABLE `dokumensertifikat` (`jenis` int NOT NULL, `donatur_id` varchar(500) NOT NULL, PRIMARY KEY (`jenis`, `donatur_id`), INDEX `fk_DokumenSertifikat_Donatur1_idx` (`donatur_id`)) DEFAULT CHARSET=utf8mb3[0m
  [1m[35m (1.9ms)[0m  [1m[35mDROP TABLE IF EXISTS `donasi` CASCADE[0m
  [1m[35m (39.3ms)[0m  [1m[35mCREATE TABLE `donasi` (`nomor_referensi` varchar(500) NOT NULL, `nominal_donasi` int NOT NULL, `struk_pembayaran` varchar(500), `waktu_berakhir` time NOT NULL, `tanggal_approve` date, `status` int NOT NULL, `bantuan_dana_non_beasiswa_id` int, `penggalangan_dana_beasiswa_id` int, `donatur_id` varchar(500) NOT NULL, `dokumen_sertifikat_id` int, PRIMARY KEY (`nomor_referensi`, `donatur_id`), INDEX `fk_Donasi_BantuanDanaNonBeasiswa1_idx` (`bantuan_dana_non_beasiswa_id`), INDEX `fk_Donasi_DokumenSertifikat1_idx` (`dokumen_sertifikat_id`), INDEX `fk_Donasi_Donatur1_idx` (`donatur_id`), UNIQUE INDEX `nomor_referensi_UNIQUE` (`nomor_referensi`), INDEX `fk_Donasi_PenggalanganDanaBeasiswa1_idx` (`penggalangan_dana_beasiswa_id`)) DEFAULT CHARSET=utf8mb3[0m
  [1m[35m (2.0ms)[0m  [1m[35mDROP TABLE IF EXISTS `donatur` CASCADE[0m
  [1m[35m (22.6ms)[0m  [1m[35mCREATE TABLE `donatur` (`nomor_telepon` varchar(500) NOT NULL PRIMARY KEY, `nama` varchar(500) NOT NULL, `password_digest` varchar(500), `status` tinyint NOT NULL, UNIQUE INDEX `nomor_telepon_UNIQUE` (`nomor_telepon`)) DEFAULT CHARSET=utf8mb3[0m
  [1m[35m (1.8ms)[0m  [1m[35mDROP TABLE IF EXISTS `mahasiswa` CASCADE[0m
  [1m[35m (23.6ms)[0m  [1m[35mCREATE TABLE `mahasiswa` (`nim` varchar(500) NOT NULL PRIMARY KEY, `nama` varchar(500) NOT NULL, `nomor_telepon` varchar(500) NOT NULL, UNIQUE INDEX `nim_UNIQUE` (`nim`)) DEFAULT CHARSET=utf8mb3[0m
  [1m[35m (2.5ms)[0m  [1m[35mDROP TABLE IF EXISTS `penanggungjawab` CASCADE[0m
  [1m[35m (21.9ms)[0m  [1m[35mCREATE TABLE `penanggungjawab` (`role` int NOT NULL PRIMARY KEY, `nama` varchar(500) NOT NULL, `username` varchar(500) NOT NULL, `password_digest` varchar(500) NOT NULL, `nomor_telepon` varchar(500) NOT NULL, UNIQUE INDEX `role_UNIQUE` (`role`)) DEFAULT CHARSET=utf8mb3[0m
  [1m[35m (2.0ms)[0m  [1m[35mDROP TABLE IF EXISTS `penanggungjawabnonbeasiswa` CASCADE[0m
  [1m[35m (23.0ms)[0m  [1m[35mCREATE TABLE `penanggungjawabnonbeasiswa` (`nomor_induk` varchar(500) NOT NULL PRIMARY KEY, `nama` varchar(500) NOT NULL, `nomor_telepon` varchar(500) NOT NULL, UNIQUE INDEX `nomor_induk_UNIQUE` (`nomor_induk`)) DEFAULT CHARSET=utf8mb3[0m
  [1m[35m (1.9ms)[0m  [1m[35mDROP TABLE IF EXISTS `penanggungjawabnonbeasiswa_has_penerimanonbeasiswa` CASCADE[0m
  [1m[35m (29.5ms)[0m  [1m[35mCREATE TABLE `penanggungjawabnonbeasiswa_has_penerimanonbeasiswa` (`penanggung_jawab_non_beasiswa_id` varchar(500) NOT NULL, `penerima_non_beasiswa_id` varchar(500) NOT NULL, PRIMARY KEY (`penanggung_jawab_non_beasiswa_id`, `penerima_non_beasiswa_id`), INDEX `fk_PenanggungJawabNonBeasiswa_has_PenerimaNonBeasiswa_Penan_idx` (`penanggung_jawab_non_beasiswa_id`), INDEX `fk_PenanggungJawabNonBeasiswa_has_PenerimaNonBeasiswa_Pener_idx` (`penerima_non_beasiswa_id`)) DEFAULT CHARSET=utf8mb3[0m
  [1m[35m (1.9ms)[0m  [1m[35mDROP TABLE IF EXISTS `penerimanonbeasiswa` CASCADE[0m
  [1m[35m (25.2ms)[0m  [1m[35mCREATE TABLE `penerimanonbeasiswa` (`nomor_induk` varchar(500) NOT NULL PRIMARY KEY, `nama` varchar(500) NOT NULL, `nomor_telepon` varchar(500) NOT NULL, UNIQUE INDEX `nomor_induk_UNIQUE` (`nomor_induk`)) DEFAULT CHARSET=utf8mb3[0m
  [1m[35m (2.0ms)[0m  [1m[35mDROP TABLE IF EXISTS `penggalangandanabeasiswa` CASCADE[0m
  [1m[35m (34.6ms)[0m  [1m[35mCREATE TABLE `penggalangandanabeasiswa` (`penggalangan_dana_beasiswa_id` int NOT NULL, `deskripsi` varchar(500) NOT NULL, `judul` varchar(500) NOT NULL, `waktu_dimulai` date NOT NULL, `waktu_berakhir` date NOT NULL, `kuota_beasiswa` int, `target_dana` int NOT NULL, `target_penerima` int NOT NULL, `total_nominal_terkumpul` int NOT NULL, `status` tinyint NOT NULL, `penanggung_jawab_id` int NOT NULL, PRIMARY KEY (`penggalangan_dana_beasiswa_id`, `penanggung_jawab_id`), INDEX `fk_PenggalanganDanaBeasiswa_PenanggungJawab1_idx` (`penanggung_jawab_id`), UNIQUE INDEX `penggalangan_dana_beasiswa_id_UNIQUE` (`penggalangan_dana_beasiswa_id`)) DEFAULT CHARSET=utf8mb3[0m
  [1m[35m (2.0ms)[0m  [1m[35mDROP TABLE IF EXISTS `rekeningbank` CASCADE[0m
  [1m[35m (37.0ms)[0m  [1m[35mCREATE TABLE `rekeningbank` (`nomor_rekening` varchar(500) NOT NULL PRIMARY KEY, `nama_bank` varchar(500) NOT NULL, `nama_pemilik_rekening` varchar(500) NOT NULL, `penanggung_jawab_id` int, `mahasiswa_id` varchar(500), `penerima_non_beasiswa_id` varchar(500), `donatur_id` varchar(500), INDEX `fk_RekeningBank_Donatur1_idx` (`donatur_id`), INDEX `fk_RekeningBank_Mahasiswa1_idx` (`mahasiswa_id`), UNIQUE INDEX `nomor_rekening_UNIQUE` (`nomor_rekening`), INDEX `fk_RekeningBank_PenanggungJawab1_idx` (`penanggung_jawab_id`), INDEX `fk_RekeningBank_PenerimaNonBeasiswa1_idx` (`penerima_non_beasiswa_id`)) DEFAULT CHARSET=utf8mb3[0m
  [1m[35m (63.5ms)[0m  [1m[35mALTER TABLE `bantuandanabeasiswa` ADD CONSTRAINT `fk_BantuanDanaBeasiswa_Mahasiswa1`
FOREIGN KEY (`mahasiswa_id`)
  REFERENCES `mahasiswa` (`nim`)
[0m
  [1m[35m (62.9ms)[0m  [1m[35mALTER TABLE `bantuandanabeasiswa` ADD CONSTRAINT `fk_BantuanDanaBeasiswa_PenggalanganDanaBeasiswa1`
FOREIGN KEY (`penggalangan_dana_beasiswa_id`)
  REFERENCES `penggalangandanabeasiswa` (`penggalangan_dana_beasiswa_id`)
[0m
  [1m[35m (59.8ms)[0m  [1m[35mALTER TABLE `bantuandananonbeasiswa` ADD CONSTRAINT `fk_BantuanDanaNonBeasiswa_PenanggungJawabNonBeasiswa1`
FOREIGN KEY (`penanggung_jawab_non_beasiswa_id`)
  REFERENCES `penanggungjawabnonbeasiswa` (`nomor_induk`)
[0m
  [1m[35m (44.6ms)[0m  [1m[35mALTER TABLE `dokumensertifikat` ADD CONSTRAINT `fk_DokumenSertifikat_Donatur1`
FOREIGN KEY (`donatur_id`)
  REFERENCES `donatur` (`nomor_telepon`)
[0m
  [1m[35m (70.4ms)[0m  [1m[35mALTER TABLE `donasi` ADD CONSTRAINT `fk_Donasi_BantuanDanaNonBeasiswa1`
FOREIGN KEY (`bantuan_dana_non_beasiswa_id`)
  REFERENCES `bantuandananonbeasiswa` (`bantuan_dana_non_beasiswa_id`)
[0m
  [1m[35m (79.3ms)[0m  [1m[35mALTER TABLE `donasi` ADD CONSTRAINT `fk_Donasi_DokumenSertifikat1`
FOREIGN KEY (`dokumen_sertifikat_id`)
  REFERENCES `dokumensertifikat` (`jenis`)
[0m
  [1m[35m (72.4ms)[0m  [1m[35mALTER TABLE `donasi` ADD CONSTRAINT `fk_Donasi_Donatur1`
FOREIGN KEY (`donatur_id`)
  REFERENCES `donatur` (`nomor_telepon`)
[0m
  [1m[35m (71.2ms)[0m  [1m[35mALTER TABLE `donasi` ADD CONSTRAINT `fk_Donasi_PenggalanganDanaBeasiswa1`
FOREIGN KEY (`penggalangan_dana_beasiswa_id`)
  REFERENCES `penggalangandanabeasiswa` (`penggalangan_dana_beasiswa_id`)
[0m
  [1m[35m (56.3ms)[0m  [1m[35mALTER TABLE `penanggungjawabnonbeasiswa_has_penerimanonbeasiswa` ADD CONSTRAINT `fk_PenanggungJawabNonBeasiswa_has_PenerimaNonBeasiswa_Penangg1`
FOREIGN KEY (`penanggung_jawab_non_beasiswa_id`)
  REFERENCES `penanggungjawabnonbeasiswa` (`nomor_induk`)
[0m
  [1m[35m (58.5ms)[0m  [1m[35mALTER TABLE `penanggungjawabnonbeasiswa_has_penerimanonbeasiswa` ADD CONSTRAINT `fk_PenanggungJawabNonBeasiswa_has_PenerimaNonBeasiswa_Penerim1`
FOREIGN KEY (`penerima_non_beasiswa_id`)
  REFERENCES `penerimanonbeasiswa` (`nomor_induk`)
[0m
  [1m[35m (63.6ms)[0m  [1m[35mALTER TABLE `penggalangandanabeasiswa` ADD CONSTRAINT `fk_PenggalanganDanaBeasiswa_PenanggungJawab1`
FOREIGN KEY (`penanggung_jawab_id`)
  REFERENCES `penanggungjawab` (`role`)
[0m
  [1m[35m (77.7ms)[0m  [1m[35mALTER TABLE `rekeningbank` ADD CONSTRAINT `fk_RekeningBank_Donatur1`
FOREIGN KEY (`donatur_id`)
  REFERENCES `donatur` (`nomor_telepon`)
[0m
  [1m[35m (67.9ms)[0m  [1m[35mALTER TABLE `rekeningbank` ADD CONSTRAINT `fk_RekeningBank_Mahasiswa1`
FOREIGN KEY (`mahasiswa_id`)
  REFERENCES `mahasiswa` (`nim`)
[0m
  [1m[35m (80.0ms)[0m  [1m[35mALTER TABLE `rekeningbank` ADD CONSTRAINT `fk_RekeningBank_PenanggungJawab1`
FOREIGN KEY (`penanggung_jawab_id`)
  REFERENCES `penanggungjawab` (`role`)
[0m
  [1m[35m (80.2ms)[0m  [1m[35mALTER TABLE `rekeningbank` ADD CONSTRAINT `fk_RekeningBank_PenerimaNonBeasiswa1`
FOREIGN KEY (`penerima_non_beasiswa_id`)
  REFERENCES `penerimanonbeasiswa` (`nomor_induk`)
[0m
  [1m[35m (21.4ms)[0m  [1m[35mCREATE TABLE `schema_migrations` (`version` varchar(255) NOT NULL PRIMARY KEY)[0m
  [1m[35m (0.7ms)[0m  [1m[34mSELECT `schema_migrations`.`version` FROM `schema_migrations` ORDER BY `schema_migrations`.`version` ASC[0m
  [1m[35m (3.7ms)[0m  [1m[32mINSERT INTO `schema_migrations` (version) VALUES (20231101160721)[0m
  [1m[35m (3.2ms)[0m  [1m[32mINSERT INTO `schema_migrations` (version) VALUES
(20231003174726),
(20231003175119),
(20231003175304),
(20231003175354),
(20231003175458),
(20231003175534),
(20231003175614),
(20231003175700),
(20231003180231),
(20231003180332),
(20231003180618),
(20231004075229);

[0m
  [1m[35m (21.1ms)[0m  [1m[35mCREATE TABLE `ar_internal_metadata` (`key` varchar(255) NOT NULL PRIMARY KEY, `value` varchar(255), `created_at` datetime(6) NOT NULL, `updated_at` datetime(6) NOT NULL)[0m
  [1m[36mActiveRecord::InternalMetadata Load (1.1ms)[0m  [1m[34mSELECT `ar_internal_metadata`.* FROM `ar_internal_metadata` WHERE `ar_internal_metadata`.`key` = 'environment' LIMIT 1[0m
  [1m[36mTRANSACTION (0.2ms)[0m  [1m[35mBEGIN[0m
  [1m[36mActiveRecord::InternalMetadata Create (0.2ms)[0m  [1m[32mINSERT INTO `ar_internal_metadata` (`key`, `value`, `created_at`, `updated_at`) VALUES ('environment', 'development', '2025-05-10 11:59:12.418067', '2025-05-10 11:59:12.418067')[0m
  [1m[36mTRANSACTION (2.7ms)[0m  [1m[35mCOMMIT[0m
  [1m[36mActiveRecord::InternalMetadata Load (0.2ms)[0m  [1m[34mSELECT `ar_internal_metadata`.* FROM `ar_internal_metadata` WHERE `ar_internal_metadata`.`key` = 'environment' LIMIT 1[0m
  [1m[36mTRANSACTION (0.1ms)[0m  [1m[35mBEGIN[0m
  [1m[36mActiveRecord::InternalMetadata Update (0.3ms)[0m  [1m[33mUPDATE `ar_internal_metadata` SET `ar_internal_metadata`.`value` = 'test', `ar_internal_metadata`.`updated_at` = '2025-05-10 11:59:12.425428' WHERE `ar_internal_metadata`.`key` = 'environment'[0m
  [1m[36mTRANSACTION (2.9ms)[0m  [1m[35mCOMMIT[0m
  [1m[36mActiveRecord::InternalMetadata Load (0.3ms)[0m  [1m[34mSELECT `ar_internal_metadata`.* FROM `ar_internal_metadata` WHERE `ar_internal_metadata`.`key` = 'schema_sha1' LIMIT 1[0m
  [1m[36mTRANSACTION (0.1ms)[0m  [1m[35mBEGIN[0m
  [1m[36mActiveRecord::InternalMetadata Create (0.4ms)[0m  [1m[32mINSERT INTO `ar_internal_metadata` (`key`, `value`, `created_at`, `updated_at`) VALUES ('schema_sha1', 'ee4b86dc3c8eed90ca6a8d475eefc8d341f5e25e', '2025-05-10 11:59:12.432174', '2025-05-10 11:59:12.432174')[0m
  [1m[36mTRANSACTION (3.0ms)[0m  [1m[35mCOMMIT[0m
  [1m[35m (0.4ms)[0m  [1m[34mSELECT `schema_migrations`.`version` FROM `schema_migrations` ORDER BY `schema_migrations`.`version` ASC[0m
  [1m[36mRekeningBank Load (0.5ms)[0m  [1m[34mSELECT `rekeningbank`.* FROM `rekeningbank`[0m
  [1m[36mBantuanDanaBeasiswa Load (1.6ms)[0m  [1m[34mSELECT `bantuandanabeasiswa`.* FROM `bantuandanabeasiswa`[0m
  [1m[36mDonasi Load (1.1ms)[0m  [1m[34mSELECT `donasi`.* FROM `donasi`[0m
  [1m[36mPenggalanganDanaBeasiswa Load (0.4ms)[0m  [1m[34mSELECT `penggalangandanabeasiswa`.* FROM `penggalangandanabeasiswa`[0m
  [1m[36mPenanggungJawabNonBeasiswaHasPenerimaNonBeasiswa Load (0.5ms)[0m  [1m[34mSELECT `penanggungjawabnonbeasiswa_has_penerimanonbeasiswa`.* FROM `penanggungjawabnonbeasiswa_has_penerimanonbeasiswa`[0m
  [1m[36mDokumenSertifikat Load (0.6ms)[0m  [1m[34mSELECT `dokumensertifikat`.* FROM `dokumensertifikat`[0m
  [1m[36mCivitasAkademika Load (0.7ms)[0m  [1m[34mSELECT `civitasakademika`.* FROM `civitasakademika`[0m
  [1m[36mDonatur Load (0.6ms)[0m  [1m[34mSELECT `donatur`.* FROM `donatur`[0m
  [1m[36mMahasiswa Load (0.6ms)[0m  [1m[34mSELECT `mahasiswa`.* FROM `mahasiswa`[0m
  [1m[36mPenanggungJawab Load (0.6ms)[0m  [1m[34mSELECT `penanggungjawab`.* FROM `penanggungjawab`[0m
  [1m[36mPenerimaNonBeasiswa Load (0.7ms)[0m  [1m[34mSELECT `penerimanonbeasiswa`.* FROM `penerimanonbeasiswa`[0m
  [1m[36mBantuanDanaNonBeasiswa Load (0.5ms)[0m  [1m[34mSELECT `bantuandananonbeasiswa`.* FROM `bantuandananonbeasiswa`[0m
  [1m[36mPenanggungJawabNonBeasiswa Load (0.5ms)[0m  [1m[34mSELECT `penanggungjawabnonbeasiswa`.* FROM `penanggungjawabnonbeasiswa`[0m
  [1m[36mTRANSACTION (0.1ms)[0m  [1m[35mBEGIN[0m
  [1m[36mCivitasAkademika Create (0.3ms)[0m  [1m[32mINSERT INTO `civitasakademika` (`nomor_induk`, `nama`) VALUES ('MHS001', 'Agus Santoso')[0m
  [1m[36mTRANSACTION (5.7ms)[0m  [1m[35mCOMMIT[0m
  [1m[36mTRANSACTION (0.1ms)[0m  [1m[35mBEGIN[0m
  [1m[36mCivitasAkademika Create (0.3ms)[0m  [1m[32mINSERT INTO `civitasakademika` (`nomor_induk`, `nama`) VALUES ('MHS002', 'Siti Aminah')[0m
  [1m[36mTRANSACTION (2.8ms)[0m  [1m[35mCOMMIT[0m
  [1m[36mTRANSACTION (0.1ms)[0m  [1m[35mBEGIN[0m
  [1m[36mCivitasAkademika Create (0.2ms)[0m  [1m[32mINSERT INTO `civitasakademika` (`nomor_induk`, `nama`) VALUES ('MHS003', 'Rudy Tabootie')[0m
  [1m[36mTRANSACTION (3.2ms)[0m  [1m[35mCOMMIT[0m
  [1m[36mTRANSACTION (0.4ms)[0m  [1m[35mBEGIN[0m
  [1m[36mCivitasAkademika Create (0.4ms)[0m  [1m[32mINSERT INTO `civitasakademika` (`nomor_induk`, `nama`) VALUES ('DSN001', 'Rina Marlina')[0m
  [1m[36mTRANSACTION (2.4ms)[0m  [1m[35mCOMMIT[0m
  [1m[36mTRANSACTION (0.1ms)[0m  [1m[35mBEGIN[0m
  [1m[36mCivitasAkademika Create (0.2ms)[0m  [1m[32mINSERT INTO `civitasakademika` (`nomor_induk`, `nama`) VALUES ('DSN002', 'Bagyo Sutoyo')[0m
  [1m[36mTRANSACTION (2.1ms)[0m  [1m[35mCOMMIT[0m
  [1m[36mTRANSACTION (0.4ms)[0m  [1m[35mBEGIN[0m
  [1m[36mDonatur Create (0.6ms)[0m  [1m[32mINSERT INTO `donatur` (`nomor_telepon`, `nama`, `password_digest`, `status`) VALUES ('081234567890', 'Donatur A', '$2a$12$qDXX5xqDJWeE6M2NSMBweuXbhO5E7Xi4F/Pcn8zQ6pWWizCpYNq2y', 1)[0m
  [1m[36mTRANSACTION (5.0ms)[0m  [1m[35mCOMMIT[0m
  [1m[36mTRANSACTION (0.3ms)[0m  [1m[35mBEGIN[0m
  [1m[36mDonatur Create (0.4ms)[0m  [1m[32mINSERT INTO `donatur` (`nomor_telepon`, `nama`, `password_digest`, `status`) VALUES ('082345678901', 'Donatur B', '$2a$12$VFuIw2GZMXLtpAX20XuE9uJnW7/uFeAYXGcg2i7.gDUcvIdQE0RSC', 0)[0m
  [1m[36mTRANSACTION (4.8ms)[0m  [1m[35mCOMMIT[0m
  [1m[36mTRANSACTION (0.2ms)[0m  [1m[35mBEGIN[0m
  [1m[36mMahasiswa Create (0.3ms)[0m  [1m[32mINSERT INTO `mahasiswa` (`nim`, `nama`, `nomor_telepon`) VALUES ('MHS001', 'Agus Santoso', '089876543210')[0m
  [1m[36mTRANSACTION (2.3ms)[0m  [1m[35mCOMMIT[0m
  [1m[36mTRANSACTION (0.3ms)[0m  [1m[35mBEGIN[0m
  [1m[36mMahasiswa Create (0.3ms)[0m  [1m[32mINSERT INTO `mahasiswa` (`nim`, `nama`, `nomor_telepon`) VALUES ('MHS002', 'Siti Aminah', '088765432109')[0m
  [1m[36mTRANSACTION (2.1ms)[0m  [1m[35mCOMMIT[0m
  [1m[36mTRANSACTION (0.1ms)[0m  [1m[35mBEGIN[0m
  [1m[36mMahasiswa Create (0.2ms)[0m  [1m[32mINSERT INTO `mahasiswa` (`nim`, `nama`, `nomor_telepon`) VALUES ('MHS003', 'Rudy Tabootie', '089876545555')[0m
  [1m[36mTRANSACTION (2.0ms)[0m  [1m[35mCOMMIT[0m
  [1m[36mTRANSACTION (0.3ms)[0m  [1m[35mBEGIN[0m
  [1m[36mPenanggungJawab Create (0.4ms)[0m  [1m[32mINSERT INTO `penanggungjawab` (`role`, `nama`, `username`, `password_digest`, `nomor_telepon`) VALUES (1, 'Admin Beasiswa', 'admin_b', '$2a$12$qKgW.4qPuDG1eHjLL3nfceAYUM8RH/uaO/AefL2AeG.ui80e5.prG', '081122334455')[0m
  [1m[36mTRANSACTION (5.0ms)[0m  [1m[35mCOMMIT[0m
  [1m[36mTRANSACTION (0.2ms)[0m  [1m[35mBEGIN[0m
  [1m[36mPenanggungJawab Create (0.4ms)[0m  [1m[32mINSERT INTO `penanggungjawab` (`role`, `nama`, `username`, `password_digest`, `nomor_telepon`) VALUES (2, 'Admin Non Beasiswa', 'admin_nb', '$2a$12$wlNakTRdIqm6C.aD7okQhuuPqHIt9ZitbukFK1MQtAJKYJQFxyGTq', '082233445566')[0m
  [1m[36mTRANSACTION (4.2ms)[0m  [1m[35mCOMMIT[0m
  [1m[36mTRANSACTION (0.2ms)[0m  [1m[35mBEGIN[0m
  [1m[36mPenanggungJawabNonBeasiswa Create (0.2ms)[0m  [1m[32mINSERT INTO `penanggungjawabnonbeasiswa` (`nomor_induk`, `nama`, `nomor_telepon`) VALUES ('DSN001', 'Rina Marlina', '081998877665')[0m
  [1m[36mTRANSACTION (2.8ms)[0m  [1m[35mCOMMIT[0m
  [1m[36mTRANSACTION (0.1ms)[0m  [1m[35mBEGIN[0m
  [1m[36mPenanggungJawabNonBeasiswa Create (0.2ms)[0m  [1m[32mINSERT INTO `penanggungjawabnonbeasiswa` (`nomor_induk`, `nama`, `nomor_telepon`) VALUES ('DSN002', 'Bagyo Sutoyo', '082287654321')[0m
  [1m[36mTRANSACTION (3.6ms)[0m  [1m[35mCOMMIT[0m
  [1m[36mTRANSACTION (0.2ms)[0m  [1m[35mBEGIN[0m
  [1m[36mPenerimaNonBeasiswa Create (0.2ms)[0m  [1m[32mINSERT INTO `penerimanonbeasiswa` (`nomor_induk`, `nama`, `nomor_telepon`) VALUES ('MHS003', 'Rudy Tabootie', '089876545555')[0m
  [1m[36mTRANSACTION (4.4ms)[0m  [1m[35mCOMMIT[0m
  [1m[36mTRANSACTION (0.2ms)[0m  [1m[35mBEGIN[0m
  [1m[36mPenerimaNonBeasiswa Create (0.3ms)[0m  [1m[32mINSERT INTO `penerimanonbeasiswa` (`nomor_induk`, `nama`, `nomor_telepon`) VALUES ('MHS002', 'Siti Aminah', '088765432109')[0m
  [1m[36mTRANSACTION (6.6ms)[0m  [1m[35mCOMMIT[0m
  [1m[36mTRANSACTION (0.2ms)[0m  [1m[35mBEGIN[0m
  [1m[36mPenanggungJawab Load (0.4ms)[0m  [1m[34mSELECT `penanggungjawab`.* FROM `penanggungjawab` WHERE `penanggungjawab`.`role` = 1 LIMIT 1[0m
  [1m[36mPenggalanganDanaBeasiswa Create (0.5ms)[0m  [1m[32mINSERT INTO `penggalangandanabeasiswa` (`penggalangan_dana_beasiswa_id`, `deskripsi`, `judul`, `waktu_dimulai`, `waktu_berakhir`, `kuota_beasiswa`, `target_dana`, `target_penerima`, `total_nominal_terkumpul`, `status`, `penanggung_jawab_id`) VALUES (1, 'Bantuan dana UKT untuk mahasiswa terdampak ekonomi', 'Beasiswa Peduli Pendidikan 2025', '2025-05-01', '2025-08-31', 100, 200000000, 100, 75000000, 1, 1)[0m
  [1m[36mTRANSACTION (4.8ms)[0m  [1m[35mCOMMIT[0m
  [1m[36mTRANSACTION (0.3ms)[0m  [1m[35mBEGIN[0m
  [1m[36mPenggalanganDanaBeasiswa Load (0.4ms)[0m  [1m[34mSELECT `penggalangandanabeasiswa`.* FROM `penggalangandanabeasiswa` WHERE `penggalangandanabeasiswa`.`penggalangan_dana_beasiswa_id` = 1 LIMIT 1[0m
  [1m[36mMahasiswa Load (0.4ms)[0m  [1m[34mSELECT `mahasiswa`.* FROM `mahasiswa` WHERE `mahasiswa`.`nim` = 'MHS001' LIMIT 1[0m
  [1m[36mBantuanDanaBeasiswa Create (0.7ms)[0m  [1m[32mINSERT INTO `bantuandanabeasiswa` (`bantuan_dana_beasiswa_id`, `alasan_butuh_bantuan`, `golongan_ukt`, `kuitansi_pembayaran_ukt`, `gaji_orang_tua`, `bukti_slip_gaji_orang_tua`, `esai`, `jumlah_tanggungan_keluarga`, `biaya_transportasi`, `biaya_internet`, `biaya_kos`, `biaya_konsumsi`, `total_pengeluaran_keluarga`, `penilaian_esai`, `nominal_penyaluran`, `dokumen_kehadiran_perkuliahan`, `status_pengajuan`, `status_penyaluran`, `status_kehadiran_perkuliahan`, `mahasiswa_id`, `penggalangan_dana_beasiswa_id`) VALUES (1, 'Kesulitan finansial karena orang tua terkena PHK', 3, 'kuitansi_ukt_mhs001.pdf', 2500000, 'slip_gaji_ayah_mhs001.pdf', 'Saya sangat membutuhkan bantuan ini untuk melanjutkan kuliah.', 4, '500000', '300000', '700000', '1000000', 4500000, 85, '{\"tahap_1\":1000000,\"tahap_2\":1000000}', 'kehadiran_mhs001.pdf', 1, '{\"tahap_1\":\"disalurkan\",\"tahap_2\":\"belum\"}', 1, 'MHS001', 1)[0m
  [1m[36mTRANSACTION (4.1ms)[0m  [1m[35mCOMMIT[0m
  [1m[36mTRANSACTION (0.3ms)[0m  [1m[35mBEGIN[0m
  [1m[36mPenanggungJawabNonBeasiswa Load (0.4ms)[0m  [1m[34mSELECT `penanggungjawabnonbeasiswa`.* FROM `penanggungjawabnonbeasiswa` WHERE `penanggungjawabnonbeasiswa`.`nomor_induk` = 'DSN002' LIMIT 1[0m
  [1m[36mBantuanDanaNonBeasiswa Create (0.5ms)[0m  [1m[32mINSERT INTO `bantuandananonbeasiswa` (`bantuan_dana_non_beasiswa_id`, `judul_galang_dana`, `waktu_galang_dana`, `deskripsi_galang_dana`, `dana_yang_dibutuhkan`, `bukti_butuh_bantuan`, `kategori`, `total_nominal_terkumpul`, `status_pengajuan`, `status_penyaluran`, `penanggung_jawab_non_beasiswa_id`) VALUES (1, 'Bantuan Darurat untuk Mahasiswa', '2025-05-10', 'Dana ini akan digunakan untuk membantu mahasiswa dalam kondisi darurat.', 10000000, 'bukti_darurat.pdf', 'Bencana', 3000000, 1, 0, 'DSN002')[0m
  [1m[36mTRANSACTION (4.6ms)[0m  [1m[35mCOMMIT[0m
  [1m[36mTRANSACTION (0.2ms)[0m  [1m[35mBEGIN[0m
  [1m[36mDonatur Load (0.3ms)[0m  [1m[34mSELECT `donatur`.* FROM `donatur` WHERE `donatur`.`nomor_telepon` = '081234567890' LIMIT 1[0m
  [1m[36mDokumenSertifikat Create (0.3ms)[0m  [1m[32mINSERT INTO `dokumensertifikat` (`jenis`, `donatur_id`) VALUES (1, '081234567890')[0m
  [1m[36mTRANSACTION (3.6ms)[0m  [1m[35mCOMMIT[0m
  [1m[36mTRANSACTION (0.2ms)[0m  [1m[35mBEGIN[0m
  [1m[36mDonatur Load (0.3ms)[0m  [1m[34mSELECT `donatur`.* FROM `donatur` WHERE `donatur`.`nomor_telepon` = '081234567890' LIMIT 1[0m
  [1m[36mDonasi Create (0.3ms)[0m  [1m[32mINSERT INTO `donasi` (`nomor_referensi`, `nominal_donasi`, `struk_pembayaran`, `waktu_berakhir`, `tanggal_approve`, `status`, `bantuan_dana_non_beasiswa_id`, `penggalangan_dana_beasiswa_id`, `donatur_id`, `dokumen_sertifikat_id`) VALUES ('REF123456', 500000, 'struk_pembayaran_url', '11:59:18', '2025-05-10', 1, 1, 1, '081234567890', 1)[0m
  [1m[36mTRANSACTION (3.3ms)[0m  [1m[35mCOMMIT[0m
  [1m[36mTRANSACTION (0.2ms)[0m  [1m[35mBEGIN[0m
  [1m[36mPenanggungJawabNonBeasiswa Load (0.2ms)[0m  [1m[34mSELECT `penanggungjawabnonbeasiswa`.* FROM `penanggungjawabnonbeasiswa` WHERE `penanggungjawabnonbeasiswa`.`nomor_induk` = 'DSN002' LIMIT 1[0m
  [1m[36mPenerimaNonBeasiswa Load (0.2ms)[0m  [1m[34mSELECT `penerimanonbeasiswa`.* FROM `penerimanonbeasiswa` WHERE `penerimanonbeasiswa`.`nomor_induk` = 'MHS002' LIMIT 1[0m
  [1m[36mPenanggungJawabNonBeasiswaHasPenerimaNonBeasiswa Create (0.2ms)[0m  [1m[32mINSERT INTO `penanggungjawabnonbeasiswa_has_penerimanonbeasiswa` (`penanggung_jawab_non_beasiswa_id`, `penerima_non_beasiswa_id`) VALUES ('DSN002', 'MHS002')[0m
  [1m[36mTRANSACTION (2.7ms)[0m  [1m[35mCOMMIT[0m
  [1m[36mTRANSACTION (0.2ms)[0m  [1m[35mBEGIN[0m
  [1m[36mRekeningBank Create (0.3ms)[0m  [1m[32mINSERT INTO `rekeningbank` (`nomor_rekening`, `nama_bank`, `nama_pemilik_rekening`, `penanggung_jawab_id`, `mahasiswa_id`, `penerima_non_beasiswa_id`, `donatur_id`) VALUES ('1234567890123456', 'BRI', 'Bagyo Sutoyo', 1, 'MHS002', 'MHS002', '081234567890')[0m
  [1m[36mTRANSACTION (3.4ms)[0m  [1m[35mCOMMIT[0m
  [1m[35m (9.5ms)[0m  [1m[34mSELECT `schema_migrations`.`version` FROM `schema_migrations` ORDER BY `schema_migrations`.`version` ASC[0m
  [1m[35m (1.8ms)[0m  [1m[34mSELECT `ar_internal_metadata`.`value` FROM `ar_internal_metadata` WHERE `ar_internal_metadata`.`key` = 'environment'[0m
  [1m[35m (0.2ms)[0m  [1m[34mSELECT `schema_migrations`.`version` FROM `schema_migrations` ORDER BY `schema_migrations`.`version` ASC[0m
  [1m[35m (0.2ms)[0m  [1m[34mSELECT `ar_internal_metadata`.`value` FROM `ar_internal_metadata` WHERE `ar_internal_metadata`.`key` = 'environment'[0m
  [1m[35m (0.2ms)[0m  [1m[34mSELECT `schema_migrations`.`version` FROM `schema_migrations` ORDER BY `schema_migrations`.`version` ASC[0m
  [1m[35m (0.2ms)[0m  [1m[34mSELECT `ar_internal_metadata`.`value` FROM `ar_internal_metadata` WHERE `ar_internal_metadata`.`key` = 'environment'[0m
  [1m[35m (117.5ms)[0m  [1m[35mDROP DATABASE IF EXISTS `jtk_berbagi`[0m
  [1m[35m (4.2ms)[0m  [1m[35mCREATE DATABASE `jtk_berbagi` DEFAULT CHARACTER SET `utf8mb4`[0m
  [1m[35m (3.9ms)[0m  [1m[35mCREATE DATABASE `jtk_berbagi_test` DEFAULT CHARACTER SET `utf8mb4`[0m
  [1m[35m (2.4ms)[0m  [1m[35mDROP TABLE IF EXISTS `bantuandanabeasiswa` CASCADE[0m
  [1m[35m (31.1ms)[0m  [1m[35mCREATE TABLE `bantuandanabeasiswa` (`bantuan_dana_beasiswa_id` int NOT NULL, `alasan_butuh_bantuan` varchar(500) NOT NULL, `golongan_ukt` int NOT NULL, `kuitansi_pembayaran_ukt` varchar(500) NOT NULL, `gaji_orang_tua` int NOT NULL, `bukti_slip_gaji_orang_tua` varchar(500) NOT NULL, `esai` varchar(500) NOT NULL, `jumlah_tanggungan_keluarga` int NOT NULL, `biaya_transportasi` varchar(500) NOT NULL, `biaya_internet` varchar(500) NOT NULL, `biaya_kos` varchar(500), `biaya_konsumsi` varchar(500) NOT NULL, `total_pengeluaran_keluarga` int NOT NULL, `penilaian_esai` int, `nominal_penyaluran` json, `dokumen_kehadiran_perkuliahan` varchar(500), `status_pengajuan` int NOT NULL, `status_penyaluran` json, `status_kehadiran_perkuliahan` int, `mahasiswa_id` varchar(500) NOT NULL, `penggalangan_dana_beasiswa_id` int NOT NULL, PRIMARY KEY (`bantuan_dana_beasiswa_id`, `mahasiswa_id`, `penggalangan_dana_beasiswa_id`), UNIQUE INDEX `bantuan_dana_beasiswa_id_UNIQUE` (`bantuan_dana_beasiswa_id`), INDEX `fk_BantuanDanaBeasiswa_Mahasiswa1_idx` (`mahasiswa_id`), INDEX `fk_BantuanDanaBeasiswa_PenggalanganDanaBeasiswa1_idx` (`penggalangan_dana_beasiswa_id`)) DEFAULT CHARSET=utf8mb3[0m
  [1m[35m (1.9ms)[0m  [1m[35mDROP TABLE IF EXISTS `bantuandananonbeasiswa` CASCADE[0m
  [1m[35m (24.5ms)[0m  [1m[35mCREATE TABLE `bantuandananonbeasiswa` (`bantuan_dana_non_beasiswa_id` int NOT NULL, `judul_galang_dana` varchar(500) NOT NULL, `waktu_galang_dana` date NOT NULL, `deskripsi_galang_dana` varchar(500) NOT NULL, `dana_yang_dibutuhkan` int NOT NULL, `bukti_butuh_bantuan` varchar(500) NOT NULL, `kategori` varchar(500) NOT NULL, `total_nominal_terkumpul` int, `status_pengajuan` int NOT NULL, `status_penyaluran` int, `penanggung_jawab_non_beasiswa_id` varchar(500) NOT NULL, PRIMARY KEY (`bantuan_dana_non_beasiswa_id`, `penanggung_jawab_non_beasiswa_id`), UNIQUE INDEX `bantuan_dana_non_beasiswa_id_UNIQUE` (`bantuan_dana_non_beasiswa_id`), INDEX `fk_BantuanDanaNonBeasiswa_PenanggungJawabNonBeasiswa1_idx` (`penanggung_jawab_non_beasiswa_id`)) DEFAULT CHARSET=utf8mb3[0m
  [1m[35m (1.7ms)[0m  [1m[35mDROP TABLE IF EXISTS `civitasakademika` CASCADE[0m
  [1m[35m (20.0ms)[0m  [1m[35mCREATE TABLE `civitasakademika` (`nomor_induk` varchar(500) NOT NULL PRIMARY KEY, `nama` varchar(500) NOT NULL, UNIQUE INDEX `nomor_induk_UNIQUE` (`nomor_induk`)) DEFAULT CHARSET=utf8mb3[0m
  [1m[35m (1.5ms)[0m  [1m[35mDROP TABLE IF EXISTS `dokumensertifikat` CASCADE[0m
  [1m[35m (23.3ms)[0m  [1m[35mCREATE TABLE `dokumensertifikat` (`jenis` int NOT NULL, `donatur_id` varchar(500) NOT NULL, PRIMARY KEY (`jenis`, `donatur_id`), INDEX `fk_DokumenSertifikat _Donatur1_idx` (`donatur_id`), UNIQUE INDEX `jenis_UNIQUE` (`jenis`)) DEFAULT CHARSET=utf8mb3[0m
  [1m[35m (1.6ms)[0m  [1m[35mDROP TABLE IF EXISTS `donasi` CASCADE[0m
  [1m[35m (31.6ms)[0m  [1m[35mCREATE TABLE `donasi` (`nomor_referensi` varchar(500) NOT NULL, `nominal_donasi` int NOT NULL, `struk_pembayaran` varchar(500), `waktu_berakhir` time NOT NULL, `tanggal_approve` date, `status` int NOT NULL, `bantuan_dana_non_beasiswa_id` int, `penggalangan_dana_beasiswa_id` int, `donatur_id` varchar(500) NOT NULL, `dokumen_sertifikat_id` int, PRIMARY KEY (`nomor_referensi`, `donatur_id`), INDEX `fk_Donasi_BantuanDanaNonBeasiswa1_idx` (`bantuan_dana_non_beasiswa_id`), INDEX `fk_Donasi_DokumenSertifikat1_idx` (`dokumen_sertifikat_id`), INDEX `fk_Donasi_Donatur1_idx` (`donatur_id`), UNIQUE INDEX `nomor_referensi_UNIQUE` (`nomor_referensi`), INDEX `fk_Donasi_PenggalanganDanaBeasiswa1_idx` (`penggalangan_dana_beasiswa_id`)) DEFAULT CHARSET=utf8mb3[0m
  [1m[35m (1.7ms)[0m  [1m[35mDROP TABLE IF EXISTS `donatur` CASCADE[0m
  [1m[35m (22.9ms)[0m  [1m[35mCREATE TABLE `donatur` (`nomor_telepon` varchar(500) NOT NULL PRIMARY KEY, `nama` varchar(500) NOT NULL, `password_digest` varchar(500), `status` tinyint NOT NULL, UNIQUE INDEX `nomor_telepon_UNIQUE` (`nomor_telepon`)) DEFAULT CHARSET=utf8mb3[0m
  [1m[35m (1.7ms)[0m  [1m[35mDROP TABLE IF EXISTS `mahasiswa` CASCADE[0m
  [1m[35m (21.3ms)[0m  [1m[35mCREATE TABLE `mahasiswa` (`nim` varchar(500) NOT NULL PRIMARY KEY, `nama` varchar(500) NOT NULL, `nomor_telepon` varchar(500) NOT NULL, UNIQUE INDEX `nim_UNIQUE` (`nim`)) DEFAULT CHARSET=utf8mb3[0m
  [1m[35m (1.7ms)[0m  [1m[35mDROP TABLE IF EXISTS `penanggungjawab` CASCADE[0m
  [1m[35m (21.2ms)[0m  [1m[35mCREATE TABLE `penanggungjawab` (`role` int NOT NULL PRIMARY KEY, `nama` varchar(500) NOT NULL, `username` varchar(500) NOT NULL, `password_digest` varchar(500) NOT NULL, `nomor_telepon` varchar(500) NOT NULL, UNIQUE INDEX `role_UNIQUE` (`role`)) DEFAULT CHARSET=utf8mb3[0m
  [1m[35m (1.8ms)[0m  [1m[35mDROP TABLE IF EXISTS `penanggungjawabnonbeasiswa` CASCADE[0m
  [1m[35m (21.9ms)[0m  [1m[35mCREATE TABLE `penanggungjawabnonbeasiswa` (`nomor_induk` varchar(500) NOT NULL PRIMARY KEY, `nama` varchar(500) NOT NULL, `nomor_telepon` varchar(500) NOT NULL, UNIQUE INDEX `nomor_induk_UNIQUE` (`nomor_induk`)) DEFAULT CHARSET=utf8mb3[0m
  [1m[35m (1.8ms)[0m  [1m[35mDROP TABLE IF EXISTS `penanggungjawabnonbeasiswa_has_penerimanonbeasiswa` CASCADE[0m
  [1m[35m (30.5ms)[0m  [1m[35mCREATE TABLE `penanggungjawabnonbeasiswa_has_penerimanonbeasiswa` (`penanggung_jawab_non_beasiswa_id` varchar(500) NOT NULL, `penerima_non_beasiswa_id` varchar(500) NOT NULL, PRIMARY KEY (`penanggung_jawab_non_beasiswa_id`, `penerima_non_beasiswa_id`), INDEX `fk_PenanggungJawabNonBeasiswa_has_PenerimaNonBeasiswa_Penan_idx` (`penanggung_jawab_non_beasiswa_id`), INDEX `fk_PenanggungJawabNonBeasiswa_has_PenerimaNonBeasiswa_Pener_idx` (`penerima_non_beasiswa_id`)) DEFAULT CHARSET=utf8mb3[0m
  [1m[35m (2.2ms)[0m  [1m[35mDROP TABLE IF EXISTS `penerimanonbeasiswa` CASCADE[0m
  [1m[35m (35.6ms)[0m  [1m[35mCREATE TABLE `penerimanonbeasiswa` (`nomor_induk` varchar(500) NOT NULL PRIMARY KEY, `nama` varchar(500) NOT NULL, `nomor_telepon` varchar(500) NOT NULL, UNIQUE INDEX `nomor_induk_UNIQUE` (`nomor_induk`)) DEFAULT CHARSET=utf8mb3[0m
  [1m[35m (2.3ms)[0m  [1m[35mDROP TABLE IF EXISTS `penggalangandanabeasiswa` CASCADE[0m
  [1m[35m (27.4ms)[0m  [1m[35mCREATE TABLE `penggalangandanabeasiswa` (`penggalangan_dana_beasiswa_id` int NOT NULL, `deskripsi` varchar(500) NOT NULL, `judul` varchar(500) NOT NULL, `waktu_dimulai` date NOT NULL, `waktu_berakhir` date NOT NULL, `kuota_beasiswa` int, `target_dana` int NOT NULL, `target_penerima` int NOT NULL, `total_nominal_terkumpul` int NOT NULL, `status` tinyint NOT NULL, `penanggung_jawab_id` int NOT NULL, PRIMARY KEY (`penggalangan_dana_beasiswa_id`, `penanggung_jawab_id`), INDEX `fk_PenggalanganDanaBeasiswa_PenanggungJawab1_idx` (`penanggung_jawab_id`), UNIQUE INDEX `penggalangan_dana_beasiswa_id_UNIQUE` (`penggalangan_dana_beasiswa_id`)) DEFAULT CHARSET=utf8mb3[0m
  [1m[35m (2.0ms)[0m  [1m[35mDROP TABLE IF EXISTS `rekeningbank` CASCADE[0m
  [1m[35m (35.8ms)[0m  [1m[35mCREATE TABLE `rekeningbank` (`nomor_rekening` varchar(500) NOT NULL PRIMARY KEY, `nama_bank` varchar(500) NOT NULL, `nama_pemilik_rekening` varchar(500) NOT NULL, `penanggung_jawab_id` int, `mahasiswa_id` varchar(500), `penerima_non_beasiswa_id` varchar(500), `donatur_id` varchar(500), INDEX `fk_RekeningBank_Donatur1_idx` (`donatur_id`), INDEX `fk_RekeningBank_Mahasiswa1_idx` (`mahasiswa_id`), UNIQUE INDEX `nomor_rekening_UNIQUE` (`nomor_rekening`), INDEX `fk_RekeningBank_PenanggungJawab1_idx` (`penanggung_jawab_id`), INDEX `fk_RekeningBank_PenerimaNonBeasiswa1_idx` (`penerima_non_beasiswa_id`)) DEFAULT CHARSET=utf8mb3[0m
  [1m[35m (58.3ms)[0m  [1m[35mALTER TABLE `bantuandanabeasiswa` ADD CONSTRAINT `fk_BantuanDanaBeasiswa_Mahasiswa1`
FOREIGN KEY (`mahasiswa_id`)
  REFERENCES `mahasiswa` (`nim`)
[0m
  [1m[35m (53.9ms)[0m  [1m[35mALTER TABLE `bantuandanabeasiswa` ADD CONSTRAINT `fk_BantuanDanaBeasiswa_PenggalanganDanaBeasiswa1`
FOREIGN KEY (`penggalangan_dana_beasiswa_id`)
  REFERENCES `penggalangandanabeasiswa` (`penggalangan_dana_beasiswa_id`)
[0m
  [1m[35m (86.8ms)[0m  [1m[35mALTER TABLE `bantuandananonbeasiswa` ADD CONSTRAINT `fk_BantuanDanaNonBeasiswa_PenanggungJawabNonBeasiswa1`
FOREIGN KEY (`penanggung_jawab_non_beasiswa_id`)
  REFERENCES `penanggungjawabnonbeasiswa` (`nomor_induk`)
[0m
  [1m[35m (70.1ms)[0m  [1m[35mALTER TABLE `dokumensertifikat` ADD CONSTRAINT `fk_DokumenSertifikat_Donatur1`
FOREIGN KEY (`donatur_id`)
  REFERENCES `donatur` (`nomor_telepon`)
[0m
  [1m[35m (65.4ms)[0m  [1m[35mALTER TABLE `donasi` ADD CONSTRAINT `fk_Donasi_BantuanDanaNonBeasiswa1`
FOREIGN KEY (`bantuan_dana_non_beasiswa_id`)
  REFERENCES `bantuandananonbeasiswa` (`bantuan_dana_non_beasiswa_id`)
[0m
  [1m[35m (55.2ms)[0m  [1m[35mALTER TABLE `donasi` ADD CONSTRAINT `fk_Donasi_DokumenSertifikat1`
FOREIGN KEY (`dokumen_sertifikat_id`)
  REFERENCES `dokumensertifikat` (`jenis`)
[0m
  [1m[35m (74.1ms)[0m  [1m[35mALTER TABLE `donasi` ADD CONSTRAINT `fk_Donasi_Donatur1`
FOREIGN KEY (`donatur_id`)
  REFERENCES `donatur` (`nomor_telepon`)
[0m
  [1m[35m (96.9ms)[0m  [1m[35mALTER TABLE `donasi` ADD CONSTRAINT `fk_Donasi_PenggalanganDanaBeasiswa1`
FOREIGN KEY (`penggalangan_dana_beasiswa_id`)
  REFERENCES `penggalangandanabeasiswa` (`penggalangan_dana_beasiswa_id`)
[0m
  [1m[35m (47.6ms)[0m  [1m[35mALTER TABLE `penanggungjawabnonbeasiswa_has_penerimanonbeasiswa` ADD CONSTRAINT `fk_PenanggungJawabNonBeasiswa_has_PenerimaNonBeasiswa_Penangg1`
FOREIGN KEY (`penanggung_jawab_non_beasiswa_id`)
  REFERENCES `penanggungjawabnonbeasiswa` (`nomor_induk`)
[0m
  [1m[35m (49.5ms)[0m  [1m[35mALTER TABLE `penanggungjawabnonbeasiswa_has_penerimanonbeasiswa` ADD CONSTRAINT `fk_PenanggungJawabNonBeasiswa_has_PenerimaNonBeasiswa_Penerim1`
FOREIGN KEY (`penerima_non_beasiswa_id`)
  REFERENCES `penerimanonbeasiswa` (`nomor_induk`)
[0m
  [1m[35m (49.9ms)[0m  [1m[35mALTER TABLE `penggalangandanabeasiswa` ADD CONSTRAINT `fk_PenggalanganDanaBeasiswa_PenanggungJawab1`
FOREIGN KEY (`penanggung_jawab_id`)
  REFERENCES `penanggungjawab` (`role`)
[0m
  [1m[35m (122.4ms)[0m  [1m[35mALTER TABLE `rekeningbank` ADD CONSTRAINT `fk_RekeningBank_Donatur1`
FOREIGN KEY (`donatur_id`)
  REFERENCES `donatur` (`nomor_telepon`)
[0m
  [1m[35m (85.2ms)[0m  [1m[35mALTER TABLE `rekeningbank` ADD CONSTRAINT `fk_RekeningBank_Mahasiswa1`
FOREIGN KEY (`mahasiswa_id`)
  REFERENCES `mahasiswa` (`nim`)
[0m
  [1m[35m (75.1ms)[0m  [1m[35mALTER TABLE `rekeningbank` ADD CONSTRAINT `fk_RekeningBank_PenanggungJawab1`
FOREIGN KEY (`penanggung_jawab_id`)
  REFERENCES `penanggungjawab` (`role`)
[0m
  [1m[35m (122.1ms)[0m  [1m[35mALTER TABLE `rekeningbank` ADD CONSTRAINT `fk_RekeningBank_PenerimaNonBeasiswa1`
FOREIGN KEY (`penerima_non_beasiswa_id`)
  REFERENCES `penerimanonbeasiswa` (`nomor_induk`)
[0m
  [1m[35m (15.9ms)[0m  [1m[35mCREATE TABLE `schema_migrations` (`version` varchar(255) NOT NULL PRIMARY KEY)[0m
  [1m[35m (0.4ms)[0m  [1m[34mSELECT `schema_migrations`.`version` FROM `schema_migrations` ORDER BY `schema_migrations`.`version` ASC[0m
  [1m[35m (3.8ms)[0m  [1m[32mINSERT INTO `schema_migrations` (version) VALUES (20231101160721)[0m
  [1m[35m (6.1ms)[0m  [1m[32mINSERT INTO `schema_migrations` (version) VALUES
(20231003174726),
(20231003175119),
(20231003175304),
(20231003175354),
(20231003175458),
(20231003175534),
(20231003175614),
(20231003175700),
(20231003180231),
(20231003180332),
(20231003180618),
(20231004075229);

[0m
  [1m[35m (50.4ms)[0m  [1m[35mCREATE TABLE `ar_internal_metadata` (`key` varchar(255) NOT NULL PRIMARY KEY, `value` varchar(255), `created_at` datetime(6) NOT NULL, `updated_at` datetime(6) NOT NULL)[0m
  [1m[36mActiveRecord::InternalMetadata Load (0.8ms)[0m  [1m[34mSELECT `ar_internal_metadata`.* FROM `ar_internal_metadata` WHERE `ar_internal_metadata`.`key` = 'environment' LIMIT 1[0m
  [1m[36mTRANSACTION (0.2ms)[0m  [1m[35mBEGIN[0m
  [1m[36mActiveRecord::InternalMetadata Create (0.3ms)[0m  [1m[32mINSERT INTO `ar_internal_metadata` (`key`, `value`, `created_at`, `updated_at`) VALUES ('environment', 'development', '2025-05-23 06:45:05.214020', '2025-05-23 06:45:05.214020')[0m
  [1m[36mTRANSACTION (7.5ms)[0m  [1m[35mCOMMIT[0m
  [1m[36mActiveRecord::InternalMetadata Load (0.3ms)[0m  [1m[34mSELECT `ar_internal_metadata`.* FROM `ar_internal_metadata` WHERE `ar_internal_metadata`.`key` = 'environment' LIMIT 1[0m
  [1m[36mActiveRecord::InternalMetadata Load (0.3ms)[0m  [1m[34mSELECT `ar_internal_metadata`.* FROM `ar_internal_metadata` WHERE `ar_internal_metadata`.`key` = 'schema_sha1' LIMIT 1[0m
  [1m[36mTRANSACTION (0.2ms)[0m  [1m[35mBEGIN[0m
  [1m[36mActiveRecord::InternalMetadata Create (0.2ms)[0m  [1m[32mINSERT INTO `ar_internal_metadata` (`key`, `value`, `created_at`, `updated_at`) VALUES ('schema_sha1', 'f9bfd8c890a05f353cbaeb4662afc80885634d5f', '2025-05-23 06:45:05.226683', '2025-05-23 06:45:05.226683')[0m
  [1m[36mTRANSACTION (7.1ms)[0m  [1m[35mCOMMIT[0m
  [1m[35m (2.1ms)[0m  [1m[35mDROP TABLE IF EXISTS `bantuandanabeasiswa` CASCADE[0m
  [1m[35m (42.2ms)[0m  [1m[35mCREATE TABLE `bantuandanabeasiswa` (`bantuan_dana_beasiswa_id` int NOT NULL, `alasan_butuh_bantuan` varchar(500) NOT NULL, `golongan_ukt` int NOT NULL, `kuitansi_pembayaran_ukt` varchar(500) NOT NULL, `gaji_orang_tua` int NOT NULL, `bukti_slip_gaji_orang_tua` varchar(500) NOT NULL, `esai` varchar(500) NOT NULL, `jumlah_tanggungan_keluarga` int NOT NULL, `biaya_transportasi` varchar(500) NOT NULL, `biaya_internet` varchar(500) NOT NULL, `biaya_kos` varchar(500), `biaya_konsumsi` varchar(500) NOT NULL, `total_pengeluaran_keluarga` int NOT NULL, `penilaian_esai` int, `nominal_penyaluran` json, `dokumen_kehadiran_perkuliahan` varchar(500), `status_pengajuan` int NOT NULL, `status_penyaluran` json, `status_kehadiran_perkuliahan` int, `mahasiswa_id` varchar(500) NOT NULL, `penggalangan_dana_beasiswa_id` int NOT NULL, PRIMARY KEY (`bantuan_dana_beasiswa_id`, `mahasiswa_id`, `penggalangan_dana_beasiswa_id`), UNIQUE INDEX `bantuan_dana_beasiswa_id_UNIQUE` (`bantuan_dana_beasiswa_id`), INDEX `fk_BantuanDanaBeasiswa_Mahasiswa1_idx` (`mahasiswa_id`), INDEX `fk_BantuanDanaBeasiswa_PenggalanganDanaBeasiswa1_idx` (`penggalangan_dana_beasiswa_id`)) DEFAULT CHARSET=utf8mb3[0m
  [1m[35m (1.8ms)[0m  [1m[35mDROP TABLE IF EXISTS `bantuandananonbeasiswa` CASCADE[0m
  [1m[35m (24.4ms)[0m  [1m[35mCREATE TABLE `bantuandananonbeasiswa` (`bantuan_dana_non_beasiswa_id` int NOT NULL, `judul_galang_dana` varchar(500) NOT NULL, `waktu_galang_dana` date NOT NULL, `deskripsi_galang_dana` varchar(500) NOT NULL, `dana_yang_dibutuhkan` int NOT NULL, `bukti_butuh_bantuan` varchar(500) NOT NULL, `kategori` varchar(500) NOT NULL, `total_nominal_terkumpul` int, `status_pengajuan` int NOT NULL, `status_penyaluran` int, `penanggung_jawab_non_beasiswa_id` varchar(500) NOT NULL, PRIMARY KEY (`bantuan_dana_non_beasiswa_id`, `penanggung_jawab_non_beasiswa_id`), UNIQUE INDEX `bantuan_dana_non_beasiswa_id_UNIQUE` (`bantuan_dana_non_beasiswa_id`), INDEX `fk_BantuanDanaNonBeasiswa_PenanggungJawabNonBeasiswa1_idx` (`penanggung_jawab_non_beasiswa_id`)) DEFAULT CHARSET=utf8mb3[0m
  [1m[35m (1.5ms)[0m  [1m[35mDROP TABLE IF EXISTS `civitasakademika` CASCADE[0m
  [1m[35m (18.3ms)[0m  [1m[35mCREATE TABLE `civitasakademika` (`nomor_induk` varchar(500) NOT NULL PRIMARY KEY, `nama` varchar(500) NOT NULL, UNIQUE INDEX `nomor_induk_UNIQUE` (`nomor_induk`)) DEFAULT CHARSET=utf8mb3[0m
  [1m[35m (1.5ms)[0m  [1m[35mDROP TABLE IF EXISTS `dokumensertifikat` CASCADE[0m
  [1m[35m (21.2ms)[0m  [1m[35mCREATE TABLE `dokumensertifikat` (`jenis` int NOT NULL, `donatur_id` varchar(500) NOT NULL, PRIMARY KEY (`jenis`, `donatur_id`), INDEX `fk_DokumenSertifikat _Donatur1_idx` (`donatur_id`), UNIQUE INDEX `jenis_UNIQUE` (`jenis`)) DEFAULT CHARSET=utf8mb3[0m
  [1m[35m (1.7ms)[0m  [1m[35mDROP TABLE IF EXISTS `donasi` CASCADE[0m
  [1m[35m (31.2ms)[0m  [1m[35mCREATE TABLE `donasi` (`nomor_referensi` varchar(500) NOT NULL, `nominal_donasi` int NOT NULL, `struk_pembayaran` varchar(500), `waktu_berakhir` time NOT NULL, `tanggal_approve` date, `status` int NOT NULL, `bantuan_dana_non_beasiswa_id` int, `penggalangan_dana_beasiswa_id` int, `donatur_id` varchar(500) NOT NULL, `dokumen_sertifikat_id` int, PRIMARY KEY (`nomor_referensi`, `donatur_id`), INDEX `fk_Donasi_BantuanDanaNonBeasiswa1_idx` (`bantuan_dana_non_beasiswa_id`), INDEX `fk_Donasi_DokumenSertifikat1_idx` (`dokumen_sertifikat_id`), INDEX `fk_Donasi_Donatur1_idx` (`donatur_id`), UNIQUE INDEX `nomor_referensi_UNIQUE` (`nomor_referensi`), INDEX `fk_Donasi_PenggalanganDanaBeasiswa1_idx` (`penggalangan_dana_beasiswa_id`)) DEFAULT CHARSET=utf8mb3[0m
  [1m[35m (1.5ms)[0m  [1m[35mDROP TABLE IF EXISTS `donatur` CASCADE[0m
  [1m[35m (17.5ms)[0m  [1m[35mCREATE TABLE `donatur` (`nomor_telepon` varchar(500) NOT NULL PRIMARY KEY, `nama` varchar(500) NOT NULL, `password_digest` varchar(500), `status` tinyint NOT NULL, UNIQUE INDEX `nomor_telepon_UNIQUE` (`nomor_telepon`)) DEFAULT CHARSET=utf8mb3[0m
  [1m[35m (1.5ms)[0m  [1m[35mDROP TABLE IF EXISTS `mahasiswa` CASCADE[0m
  [1m[35m (20.6ms)[0m  [1m[35mCREATE TABLE `mahasiswa` (`nim` varchar(500) NOT NULL PRIMARY KEY, `nama` varchar(500) NOT NULL, `nomor_telepon` varchar(500) NOT NULL, UNIQUE INDEX `nim_UNIQUE` (`nim`)) DEFAULT CHARSET=utf8mb3[0m
  [1m[35m (1.7ms)[0m  [1m[35mDROP TABLE IF EXISTS `penanggungjawab` CASCADE[0m
  [1m[35m (19.2ms)[0m  [1m[35mCREATE TABLE `penanggungjawab` (`role` int NOT NULL PRIMARY KEY, `nama` varchar(500) NOT NULL, `username` varchar(500) NOT NULL, `password_digest` varchar(500) NOT NULL, `nomor_telepon` varchar(500) NOT NULL, UNIQUE INDEX `role_UNIQUE` (`role`)) DEFAULT CHARSET=utf8mb3[0m
  [1m[35m (1.8ms)[0m  [1m[35mDROP TABLE IF EXISTS `penanggungjawabnonbeasiswa` CASCADE[0m
  [1m[35m (21.3ms)[0m  [1m[35mCREATE TABLE `penanggungjawabnonbeasiswa` (`nomor_induk` varchar(500) NOT NULL PRIMARY KEY, `nama` varchar(500) NOT NULL, `nomor_telepon` varchar(500) NOT NULL, UNIQUE INDEX `nomor_induk_UNIQUE` (`nomor_induk`)) DEFAULT CHARSET=utf8mb3[0m
  [1m[35m (1.6ms)[0m  [1m[35mDROP TABLE IF EXISTS `penanggungjawabnonbeasiswa_has_penerimanonbeasiswa` CASCADE[0m
  [1m[35m (22.4ms)[0m  [1m[35mCREATE TABLE `penanggungjawabnonbeasiswa_has_penerimanonbeasiswa` (`penanggung_jawab_non_beasiswa_id` varchar(500) NOT NULL, `penerima_non_beasiswa_id` varchar(500) NOT NULL, PRIMARY KEY (`penanggung_jawab_non_beasiswa_id`, `penerima_non_beasiswa_id`), INDEX `fk_PenanggungJawabNonBeasiswa_has_PenerimaNonBeasiswa_Penan_idx` (`penanggung_jawab_non_beasiswa_id`), INDEX `fk_PenanggungJawabNonBeasiswa_has_PenerimaNonBeasiswa_Pener_idx` (`penerima_non_beasiswa_id`)) DEFAULT CHARSET=utf8mb3[0m
  [1m[35m (1.6ms)[0m  [1m[35mDROP TABLE IF EXISTS `penerimanonbeasiswa` CASCADE[0m
  [1m[35m (20.2ms)[0m  [1m[35mCREATE TABLE `penerimanonbeasiswa` (`nomor_induk` varchar(500) NOT NULL PRIMARY KEY, `nama` varchar(500) NOT NULL, `nomor_telepon` varchar(500) NOT NULL, UNIQUE INDEX `nomor_induk_UNIQUE` (`nomor_induk`)) DEFAULT CHARSET=utf8mb3[0m
  [1m[35m (1.6ms)[0m  [1m[35mDROP TABLE IF EXISTS `penggalangandanabeasiswa` CASCADE[0m
  [1m[35m (25.7ms)[0m  [1m[35mCREATE TABLE `penggalangandanabeasiswa` (`penggalangan_dana_beasiswa_id` int NOT NULL, `deskripsi` varchar(500) NOT NULL, `judul` varchar(500) NOT NULL, `waktu_dimulai` date NOT NULL, `waktu_berakhir` date NOT NULL, `kuota_beasiswa` int, `target_dana` int NOT NULL, `target_penerima` int NOT NULL, `total_nominal_terkumpul` int NOT NULL, `status` tinyint NOT NULL, `penanggung_jawab_id` int NOT NULL, PRIMARY KEY (`penggalangan_dana_beasiswa_id`, `penanggung_jawab_id`), INDEX `fk_PenggalanganDanaBeasiswa_PenanggungJawab1_idx` (`penanggung_jawab_id`), UNIQUE INDEX `penggalangan_dana_beasiswa_id_UNIQUE` (`penggalangan_dana_beasiswa_id`)) DEFAULT CHARSET=utf8mb3[0m
  [1m[35m (1.6ms)[0m  [1m[35mDROP TABLE IF EXISTS `rekeningbank` CASCADE[0m
  [1m[35m (30.8ms)[0m  [1m[35mCREATE TABLE `rekeningbank` (`nomor_rekening` varchar(500) NOT NULL PRIMARY KEY, `nama_bank` varchar(500) NOT NULL, `nama_pemilik_rekening` varchar(500) NOT NULL, `penanggung_jawab_id` int, `mahasiswa_id` varchar(500), `penerima_non_beasiswa_id` varchar(500), `donatur_id` varchar(500), INDEX `fk_RekeningBank_Donatur1_idx` (`donatur_id`), INDEX `fk_RekeningBank_Mahasiswa1_idx` (`mahasiswa_id`), UNIQUE INDEX `nomor_rekening_UNIQUE` (`nomor_rekening`), INDEX `fk_RekeningBank_PenanggungJawab1_idx` (`penanggung_jawab_id`), INDEX `fk_RekeningBank_PenerimaNonBeasiswa1_idx` (`penerima_non_beasiswa_id`)) DEFAULT CHARSET=utf8mb3[0m
  [1m[35m (51.6ms)[0m  [1m[35mALTER TABLE `bantuandanabeasiswa` ADD CONSTRAINT `fk_BantuanDanaBeasiswa_Mahasiswa1`
FOREIGN KEY (`mahasiswa_id`)
  REFERENCES `mahasiswa` (`nim`)
[0m
  [1m[35m (96.2ms)[0m  [1m[35mALTER TABLE `bantuandanabeasiswa` ADD CONSTRAINT `fk_BantuanDanaBeasiswa_PenggalanganDanaBeasiswa1`
FOREIGN KEY (`penggalangan_dana_beasiswa_id`)
  REFERENCES `penggalangandanabeasiswa` (`penggalangan_dana_beasiswa_id`)
[0m
  [1m[35m (88.3ms)[0m  [1m[35mALTER TABLE `bantuandananonbeasiswa` ADD CONSTRAINT `fk_BantuanDanaNonBeasiswa_PenanggungJawabNonBeasiswa1`
FOREIGN KEY (`penanggung_jawab_non_beasiswa_id`)
  REFERENCES `penanggungjawabnonbeasiswa` (`nomor_induk`)
[0m
  [1m[35m (46.7ms)[0m  [1m[35mALTER TABLE `dokumensertifikat` ADD CONSTRAINT `fk_DokumenSertifikat_Donatur1`
FOREIGN KEY (`donatur_id`)
  REFERENCES `donatur` (`nomor_telepon`)
[0m
  [1m[35m (59.9ms)[0m  [1m[35mALTER TABLE `donasi` ADD CONSTRAINT `fk_Donasi_BantuanDanaNonBeasiswa1`
FOREIGN KEY (`bantuan_dana_non_beasiswa_id`)
  REFERENCES `bantuandananonbeasiswa` (`bantuan_dana_non_beasiswa_id`)
[0m
  [1m[35m (60.0ms)[0m  [1m[35mALTER TABLE `donasi` ADD CONSTRAINT `fk_Donasi_DokumenSertifikat1`
FOREIGN KEY (`dokumen_sertifikat_id`)
  REFERENCES `dokumensertifikat` (`jenis`)
[0m
  [1m[35m (58.9ms)[0m  [1m[35mALTER TABLE `donasi` ADD CONSTRAINT `fk_Donasi_Donatur1`
FOREIGN KEY (`donatur_id`)
  REFERENCES `donatur` (`nomor_telepon`)
[0m
  [1m[35m (63.3ms)[0m  [1m[35mALTER TABLE `donasi` ADD CONSTRAINT `fk_Donasi_PenggalanganDanaBeasiswa1`
FOREIGN KEY (`penggalangan_dana_beasiswa_id`)
  REFERENCES `penggalangandanabeasiswa` (`penggalangan_dana_beasiswa_id`)
[0m
  [1m[35m (53.4ms)[0m  [1m[35mALTER TABLE `penanggungjawabnonbeasiswa_has_penerimanonbeasiswa` ADD CONSTRAINT `fk_PenanggungJawabNonBeasiswa_has_PenerimaNonBeasiswa_Penangg1`
FOREIGN KEY (`penanggung_jawab_non_beasiswa_id`)
  REFERENCES `penanggungjawabnonbeasiswa` (`nomor_induk`)
[0m
  [1m[35m (50.9ms)[0m  [1m[35mALTER TABLE `penanggungjawabnonbeasiswa_has_penerimanonbeasiswa` ADD CONSTRAINT `fk_PenanggungJawabNonBeasiswa_has_PenerimaNonBeasiswa_Penerim1`
FOREIGN KEY (`penerima_non_beasiswa_id`)
  REFERENCES `penerimanonbeasiswa` (`nomor_induk`)
[0m
  [1m[35m (55.1ms)[0m  [1m[35mALTER TABLE `penggalangandanabeasiswa` ADD CONSTRAINT `fk_PenggalanganDanaBeasiswa_PenanggungJawab1`
FOREIGN KEY (`penanggung_jawab_id`)
  REFERENCES `penanggungjawab` (`role`)
[0m
  [1m[35m (65.9ms)[0m  [1m[35mALTER TABLE `rekeningbank` ADD CONSTRAINT `fk_RekeningBank_Donatur1`
FOREIGN KEY (`donatur_id`)
  REFERENCES `donatur` (`nomor_telepon`)
[0m
  [1m[35m (61.3ms)[0m  [1m[35mALTER TABLE `rekeningbank` ADD CONSTRAINT `fk_RekeningBank_Mahasiswa1`
FOREIGN KEY (`mahasiswa_id`)
  REFERENCES `mahasiswa` (`nim`)
[0m
  [1m[35m (61.0ms)[0m  [1m[35mALTER TABLE `rekeningbank` ADD CONSTRAINT `fk_RekeningBank_PenanggungJawab1`
FOREIGN KEY (`penanggung_jawab_id`)
  REFERENCES `penanggungjawab` (`role`)
[0m
  [1m[35m (53.5ms)[0m  [1m[35mALTER TABLE `rekeningbank` ADD CONSTRAINT `fk_RekeningBank_PenerimaNonBeasiswa1`
FOREIGN KEY (`penerima_non_beasiswa_id`)
  REFERENCES `penerimanonbeasiswa` (`nomor_induk`)
[0m
  [1m[35m (17.9ms)[0m  [1m[35mCREATE TABLE `schema_migrations` (`version` varchar(255) NOT NULL PRIMARY KEY)[0m
  [1m[35m (0.4ms)[0m  [1m[34mSELECT `schema_migrations`.`version` FROM `schema_migrations` ORDER BY `schema_migrations`.`version` ASC[0m
  [1m[35m (2.3ms)[0m  [1m[32mINSERT INTO `schema_migrations` (version) VALUES (20231101160721)[0m
  [1m[35m (3.1ms)[0m  [1m[32mINSERT INTO `schema_migrations` (version) VALUES
(20231003174726),
(20231003175119),
(20231003175304),
(20231003175354),
(20231003175458),
(20231003175534),
(20231003175614),
(20231003175700),
(20231003180231),
(20231003180332),
(20231003180618),
(20231004075229);

[0m
  [1m[35m (25.5ms)[0m  [1m[35mCREATE TABLE `ar_internal_metadata` (`key` varchar(255) NOT NULL PRIMARY KEY, `value` varchar(255), `created_at` datetime(6) NOT NULL, `updated_at` datetime(6) NOT NULL)[0m
  [1m[36mActiveRecord::InternalMetadata Load (0.6ms)[0m  [1m[34mSELECT `ar_internal_metadata`.* FROM `ar_internal_metadata` WHERE `ar_internal_metadata`.`key` = 'environment' LIMIT 1[0m
  [1m[36mTRANSACTION (0.1ms)[0m  [1m[35mBEGIN[0m
  [1m[36mActiveRecord::InternalMetadata Create (0.2ms)[0m  [1m[32mINSERT INTO `ar_internal_metadata` (`key`, `value`, `created_at`, `updated_at`) VALUES ('environment', 'development', '2025-05-23 06:45:06.575774', '2025-05-23 06:45:06.575774')[0m
  [1m[36mTRANSACTION (8.2ms)[0m  [1m[35mCOMMIT[0m
  [1m[36mActiveRecord::InternalMetadata Load (0.1ms)[0m  [1m[34mSELECT `ar_internal_metadata`.* FROM `ar_internal_metadata` WHERE `ar_internal_metadata`.`key` = 'environment' LIMIT 1[0m
  [1m[36mTRANSACTION (0.1ms)[0m  [1m[35mBEGIN[0m
  [1m[36mActiveRecord::InternalMetadata Update (0.3ms)[0m  [1m[33mUPDATE `ar_internal_metadata` SET `ar_internal_metadata`.`value` = 'test', `ar_internal_metadata`.`updated_at` = '2025-05-23 06:45:06.586964' WHERE `ar_internal_metadata`.`key` = 'environment'[0m
  [1m[36mTRANSACTION (8.8ms)[0m  [1m[35mCOMMIT[0m
  [1m[36mActiveRecord::InternalMetadata Load (0.2ms)[0m  [1m[34mSELECT `ar_internal_metadata`.* FROM `ar_internal_metadata` WHERE `ar_internal_metadata`.`key` = 'schema_sha1' LIMIT 1[0m
  [1m[36mTRANSACTION (0.1ms)[0m  [1m[35mBEGIN[0m
  [1m[36mActiveRecord::InternalMetadata Create (0.2ms)[0m  [1m[32mINSERT INTO `ar_internal_metadata` (`key`, `value`, `created_at`, `updated_at`) VALUES ('schema_sha1', 'f9bfd8c890a05f353cbaeb4662afc80885634d5f', '2025-05-23 06:45:06.598346', '2025-05-23 06:45:06.598346')[0m
  [1m[36mTRANSACTION (7.9ms)[0m  [1m[35mCOMMIT[0m
  [1m[35m (0.3ms)[0m  [1m[34mSELECT `schema_migrations`.`version` FROM `schema_migrations` ORDER BY `schema_migrations`.`version` ASC[0m
  [1m[36mRekeningBank Load (0.3ms)[0m  [1m[34mSELECT `rekeningbank`.* FROM `rekeningbank`[0m
  [1m[36mBantuanDanaBeasiswa Load (2.4ms)[0m  [1m[34mSELECT `bantuandanabeasiswa`.* FROM `bantuandanabeasiswa`[0m
  [1m[36mDonasi Load (0.6ms)[0m  [1m[34mSELECT `donasi`.* FROM `donasi`[0m
  [1m[36mPenggalanganDanaBeasiswa Load (0.3ms)[0m  [1m[34mSELECT `penggalangandanabeasiswa`.* FROM `penggalangandanabeasiswa`[0m
  [1m[36mPenanggungJawabNonBeasiswaHasPenerimaNonBeasiswa Load (0.2ms)[0m  [1m[34mSELECT `penanggungjawabnonbeasiswa_has_penerimanonbeasiswa`.* FROM `penanggungjawabnonbeasiswa_has_penerimanonbeasiswa`[0m
  [1m[36mDokumenSertifikat Load (0.3ms)[0m  [1m[34mSELECT `dokumensertifikat`.* FROM `dokumensertifikat`[0m
  [1m[36mCivitasAkademika Load (0.6ms)[0m  [1m[34mSELECT `civitasakademika`.* FROM `civitasakademika`[0m
  [1m[36mDonatur Load (0.4ms)[0m  [1m[34mSELECT `donatur`.* FROM `donatur`[0m
  [1m[36mMahasiswa Load (0.4ms)[0m  [1m[34mSELECT `mahasiswa`.* FROM `mahasiswa`[0m
  [1m[36mPenanggungJawab Load (0.4ms)[0m  [1m[34mSELECT `penanggungjawab`.* FROM `penanggungjawab`[0m
  [1m[36mPenerimaNonBeasiswa Load (0.8ms)[0m  [1m[34mSELECT `penerimanonbeasiswa`.* FROM `penerimanonbeasiswa`[0m
  [1m[36mBantuanDanaNonBeasiswa Load (0.7ms)[0m  [1m[34mSELECT `bantuandananonbeasiswa`.* FROM `bantuandananonbeasiswa`[0m
  [1m[36mPenanggungJawabNonBeasiswa Load (0.6ms)[0m  [1m[34mSELECT `penanggungjawabnonbeasiswa`.* FROM `penanggungjawabnonbeasiswa`[0m
  [1m[36mTRANSACTION (0.2ms)[0m  [1m[35mBEGIN[0m
  [1m[36mCivitasAkademika Exists? (0.3ms)[0m  [1m[34mSELECT 1 AS one FROM `civitasakademika` WHERE `civitasakademika`.`nomor_induk` = '231511038' LIMIT 1[0m
  [1m[36mCivitasAkademika Create (0.3ms)[0m  [1m[32mINSERT INTO `civitasakademika` (`nomor_induk`, `nama`) VALUES ('231511038', 'Daffa Al Ghifari')[0m
  [1m[36mTRANSACTION (5.4ms)[0m  [1m[35mCOMMIT[0m
  [1m[36mTRANSACTION (0.1ms)[0m  [1m[35mBEGIN[0m
  [1m[36mCivitasAkademika Exists? (0.1ms)[0m  [1m[34mSELECT 1 AS one FROM `civitasakademika` WHERE `civitasakademika`.`nomor_induk` = '231511039' LIMIT 1[0m
  [1m[36mCivitasAkademika Create (0.3ms)[0m  [1m[32mINSERT INTO `civitasakademika` (`nomor_induk`, `nama`) VALUES ('231511039', 'Daiva Raditya Pradipa')[0m
  [1m[36mTRANSACTION (2.4ms)[0m  [1m[35mCOMMIT[0m
  [1m[36mTRANSACTION (0.1ms)[0m  [1m[35mBEGIN[0m
  [1m[36mCivitasAkademika Exists? (0.3ms)[0m  [1m[34mSELECT 1 AS one FROM `civitasakademika` WHERE `civitasakademika`.`nomor_induk` = '231511040' LIMIT 1[0m
  [1m[36mCivitasAkademika Create (0.2ms)[0m  [1m[32mINSERT INTO `civitasakademika` (`nomor_induk`, `nama`) VALUES ('231511040', 'Dhea Dria Spralia')[0m
  [1m[36mTRANSACTION (8.3ms)[0m  [1m[35mCOMMIT[0m
  [1m[36mTRANSACTION (0.1ms)[0m  [1m[35mBEGIN[0m
  [1m[36mCivitasAkademika Exists? (0.2ms)[0m  [1m[34mSELECT 1 AS one FROM `civitasakademika` WHERE `civitasakademika`.`nomor_induk` = '231511041' LIMIT 1[0m
  [1m[36mCivitasAkademika Create (0.2ms)[0m  [1m[32mINSERT INTO `civitasakademika` (`nomor_induk`, `nama`) VALUES ('231511041', 'Dhira Ramadini')[0m
  [1m[36mTRANSACTION (3.0ms)[0m  [1m[35mCOMMIT[0m
  [1m[36mTRANSACTION (0.1ms)[0m  [1m[35mBEGIN[0m
  [1m[36mCivitasAkademika Exists? (0.1ms)[0m  [1m[34mSELECT 1 AS one FROM `civitasakademika` WHERE `civitasakademika`.`nomor_induk` = '231511042' LIMIT 1[0m
  [1m[36mCivitasAkademika Create (0.1ms)[0m  [1m[32mINSERT INTO `civitasakademika` (`nomor_induk`, `nama`) VALUES ('231511042', 'Bagyo Sutoyo')[0m
  [1m[36mTRANSACTION (8.8ms)[0m  [1m[35mCOMMIT[0m
  [1m[36mTRANSACTION (0.4ms)[0m  [1m[35mBEGIN[0m
  [1m[36mDonatur Create (0.3ms)[0m  [1m[32mINSERT INTO `donatur` (`nomor_telepon`, `nama`, `password_digest`, `status`) VALUES ('081234567890', 'Donatur A', '$2a$12$7YW8yP627WK8/t4rAvTnJeT9rQxTVBdEuAVXJ48aDJ8Qch4ca2/P6', 1)[0m
  [1m[36mTRANSACTION (4.1ms)[0m  [1m[35mCOMMIT[0m
  [1m[36mTRANSACTION (0.4ms)[0m  [1m[35mBEGIN[0m
  [1m[36mDonatur Create (0.4ms)[0m  [1m[32mINSERT INTO `donatur` (`nomor_telepon`, `nama`, `password_digest`, `status`) VALUES ('082345678901', 'Donatur B', '$2a$12$YpQkGs7IXRrokxwv9vqvEOmFpfDytzqJaxJBB4kLQTqwvEhM4O1vy', 0)[0m
  [1m[36mTRANSACTION (8.5ms)[0m  [1m[35mCOMMIT[0m
  [1m[36mTRANSACTION (0.1ms)[0m  [1m[35mBEGIN[0m
  [1m[36mMahasiswa Create (0.1ms)[0m  [1m[32mINSERT INTO `mahasiswa` (`nim`, `nama`, `nomor_telepon`) VALUES ('231511038', 'Daffa Al Ghifari', '089876543210')[0m
  [1m[36mTRANSACTION (7.1ms)[0m  [1m[35mCOMMIT[0m
  [1m[36mTRANSACTION (0.2ms)[0m  [1m[35mBEGIN[0m
  [1m[36mMahasiswa Create (0.2ms)[0m  [1m[32mINSERT INTO `mahasiswa` (`nim`, `nama`, `nomor_telepon`) VALUES ('231511039', 'Daiva Raditya Pradipa', '088765432109')[0m
  [1m[36mTRANSACTION (1.8ms)[0m  [1m[35mCOMMIT[0m
  [1m[36mTRANSACTION (0.1ms)[0m  [1m[35mBEGIN[0m
  [1m[36mMahasiswa Create (0.2ms)[0m  [1m[32mINSERT INTO `mahasiswa` (`nim`, `nama`, `nomor_telepon`) VALUES ('231511040', 'Dhea Dria Spralia', '089876545555')[0m
  [1m[36mTRANSACTION (8.7ms)[0m  [1m[35mCOMMIT[0m
  [1m[36mTRANSACTION (0.3ms)[0m  [1m[35mBEGIN[0m
  [1m[36mPenanggungJawab Create (0.4ms)[0m  [1m[32mINSERT INTO `penanggungjawab` (`role`, `nama`, `username`, `password_digest`, `nomor_telepon`) VALUES (1, 'Admin Beasiswa', 'admin_b', '$2a$12$rp5Sp2H0cnNwb9DTz8TkpumcaY1Mzpf8NihZuqK4LIijWWH/XdUvq', '081122334455')[0m
  [1m[36mTRANSACTION (3.8ms)[0m  [1m[35mCOMMIT[0m
  [1m[36mTRANSACTION (0.5ms)[0m  [1m[35mBEGIN[0m
  [1m[36mPenanggungJawab Create (0.4ms)[0m  [1m[32mINSERT INTO `penanggungjawab` (`role`, `nama`, `username`, `password_digest`, `nomor_telepon`) VALUES (2, 'Admin Non Beasiswa', 'admin_nb', '$2a$12$7zOmH00MqMtNh7BymQVfpeDf4b2F9FW0/xMrp1IYm9hb0Oz1tXDfO', '082233445566')[0m
  [1m[36mTRANSACTION (11.5ms)[0m  [1m[35mCOMMIT[0m
  [1m[36mTRANSACTION (0.1ms)[0m  [1m[35mBEGIN[0m
  [1m[36mPenanggungJawabNonBeasiswa Create (0.3ms)[0m  [1m[32mINSERT INTO `penanggungjawabnonbeasiswa` (`nomor_induk`, `nama`, `nomor_telepon`) VALUES ('231511041', 'Rina Marlina', '081998877665')[0m
  [1m[36mTRANSACTION (2.5ms)[0m  [1m[35mCOMMIT[0m
  [1m[36mTRANSACTION (0.1ms)[0m  [1m[35mBEGIN[0m
  [1m[36mPenanggungJawabNonBeasiswa Create (0.2ms)[0m  [1m[32mINSERT INTO `penanggungjawabnonbeasiswa` (`nomor_induk`, `nama`, `nomor_telepon`) VALUES ('231511042', 'Bagyo Sutoyo', '082287654321')[0m
  [1m[36mTRANSACTION (8.6ms)[0m  [1m[35mCOMMIT[0m
  [1m[36mTRANSACTION (0.1ms)[0m  [1m[35mBEGIN[0m
  [1m[36mPenerimaNonBeasiswa Create (0.2ms)[0m  [1m[32mINSERT INTO `penerimanonbeasiswa` (`nomor_induk`, `nama`, `nomor_telepon`) VALUES ('231511040', 'Dhea Dria Spralia', '089876545555')[0m
  [1m[36mTRANSACTION (8.3ms)[0m  [1m[35mCOMMIT[0m
  [1m[36mTRANSACTION (0.2ms)[0m  [1m[35mBEGIN[0m
  [1m[36mPenerimaNonBeasiswa Create (0.2ms)[0m  [1m[32mINSERT INTO `penerimanonbeasiswa` (`nomor_induk`, `nama`, `nomor_telepon`) VALUES ('231511039', 'Daiva Raditya Pradipa', '088765432109')[0m
  [1m[36mTRANSACTION (8.2ms)[0m  [1m[35mCOMMIT[0m
  [1m[36mTRANSACTION (0.2ms)[0m  [1m[35mBEGIN[0m
  [1m[36mPenanggungJawab Load (0.3ms)[0m  [1m[34mSELECT `penanggungjawab`.* FROM `penanggungjawab` WHERE `penanggungjawab`.`role` = 1 LIMIT 1[0m
  [1m[36mPenggalanganDanaBeasiswa Create (0.3ms)[0m  [1m[32mINSERT INTO `penggalangandanabeasiswa` (`penggalangan_dana_beasiswa_id`, `deskripsi`, `judul`, `waktu_dimulai`, `waktu_berakhir`, `kuota_beasiswa`, `target_dana`, `target_penerima`, `total_nominal_terkumpul`, `status`, `penanggung_jawab_id`) VALUES (1, 'Bantuan dana UKT untuk mahasiswa terdampak ekonomi', 'Beasiswa Peduli Pendidikan 2025', '2025-05-01', '2025-08-31', 100, 200000000, 100, 75000000, 1, 1)[0m
  [1m[36mTRANSACTION (2.5ms)[0m  [1m[35mCOMMIT[0m
  [1m[36mTRANSACTION (0.1ms)[0m  [1m[35mBEGIN[0m
  [1m[36mPenggalanganDanaBeasiswa Load (0.2ms)[0m  [1m[34mSELECT `penggalangandanabeasiswa`.* FROM `penggalangandanabeasiswa` WHERE `penggalangandanabeasiswa`.`penggalangan_dana_beasiswa_id` = 1 LIMIT 1[0m
  [1m[36mMahasiswa Load (0.2ms)[0m  [1m[34mSELECT `mahasiswa`.* FROM `mahasiswa` WHERE `mahasiswa`.`nim` = '231511038' LIMIT 1[0m
  [1m[36mBantuanDanaBeasiswa Create (0.4ms)[0m  [1m[32mINSERT INTO `bantuandanabeasiswa` (`bantuan_dana_beasiswa_id`, `alasan_butuh_bantuan`, `golongan_ukt`, `kuitansi_pembayaran_ukt`, `gaji_orang_tua`, `bukti_slip_gaji_orang_tua`, `esai`, `jumlah_tanggungan_keluarga`, `biaya_transportasi`, `biaya_internet`, `biaya_kos`, `biaya_konsumsi`, `total_pengeluaran_keluarga`, `penilaian_esai`, `nominal_penyaluran`, `dokumen_kehadiran_perkuliahan`, `status_pengajuan`, `status_penyaluran`, `status_kehadiran_perkuliahan`, `mahasiswa_id`, `penggalangan_dana_beasiswa_id`) VALUES (1, 'Kesulitan finansial karena orang tua terkena PHK', 3, 'kuitansi_ukt_231511038.pdf', 2500000, 'slip_gaji_ayah_231511038.pdf', 'Saya sangat membutuhkan bantuan ini untuk melanjutkan kuliah.', 4, '500000', '300000', '700000', '1000000', 4500000, 85, '{\"tahap_1\":1000000,\"tahap_2\":1000000}', 'kehadiran_231511038.pdf', 1, '{\"tahap_1\":\"disalurkan\",\"tahap_2\":\"belum\"}', 1, '231511038', 1)[0m
  [1m[36mTRANSACTION (2.5ms)[0m  [1m[35mCOMMIT[0m
  [1m[36mTRANSACTION (0.1ms)[0m  [1m[35mBEGIN[0m
  [1m[36mPenanggungJawabNonBeasiswa Load (0.3ms)[0m  [1m[34mSELECT `penanggungjawabnonbeasiswa`.* FROM `penanggungjawabnonbeasiswa` WHERE `penanggungjawabnonbeasiswa`.`nomor_induk` = '231511042' LIMIT 1[0m
  [1m[36mBantuanDanaNonBeasiswa Create (0.2ms)[0m  [1m[32mINSERT INTO `bantuandananonbeasiswa` (`bantuan_dana_non_beasiswa_id`, `judul_galang_dana`, `waktu_galang_dana`, `deskripsi_galang_dana`, `dana_yang_dibutuhkan`, `bukti_butuh_bantuan`, `kategori`, `total_nominal_terkumpul`, `status_pengajuan`, `status_penyaluran`, `penanggung_jawab_non_beasiswa_id`) VALUES (1, 'Bantuan Darurat untuk Mahasiswa', '2025-05-10', 'Dana ini akan digunakan untuk membantu mahasiswa dalam kondisi darurat.', 10000000, 'bukti_darurat.pdf', 'Bencana', 3000000, 1, 0, '231511042')[0m
  [1m[36mTRANSACTION (1.9ms)[0m  [1m[35mCOMMIT[0m
  [1m[36mTRANSACTION (0.1ms)[0m  [1m[35mBEGIN[0m
  [1m[36mDonatur Load (0.2ms)[0m  [1m[34mSELECT `donatur`.* FROM `donatur` WHERE `donatur`.`nomor_telepon` = '081234567890' LIMIT 1[0m
  [1m[36mDokumenSertifikat Create (0.2ms)[0m  [1m[32mINSERT INTO `dokumensertifikat` (`jenis`, `donatur_id`) VALUES (1, '081234567890')[0m
  [1m[36mTRANSACTION (12.9ms)[0m  [1m[35mCOMMIT[0m
  [1m[36mTRANSACTION (0.2ms)[0m  [1m[35mBEGIN[0m
  [1m[36mDonatur Load (0.3ms)[0m  [1m[34mSELECT `donatur`.* FROM `donatur` WHERE `donatur`.`nomor_telepon` = '081234567890' LIMIT 1[0m
  [1m[36mDonasi Create (0.3ms)[0m  [1m[32mINSERT INTO `donasi` (`nomor_referensi`, `nominal_donasi`, `struk_pembayaran`, `waktu_berakhir`, `tanggal_approve`, `status`, `bantuan_dana_non_beasiswa_id`, `penggalangan_dana_beasiswa_id`, `donatur_id`, `dokumen_sertifikat_id`) VALUES ('REF123456', 500000, 'struk_pembayaran_url', '06:45:07', '2025-05-23', 1, 1, 1, '081234567890', 1)[0m
  [1m[36mTRANSACTION (7.3ms)[0m  [1m[35mCOMMIT[0m
  [1m[36mTRANSACTION (0.1ms)[0m  [1m[35mBEGIN[0m
  [1m[36mPenanggungJawabNonBeasiswa Load (0.3ms)[0m  [1m[34mSELECT `penanggungjawabnonbeasiswa`.* FROM `penanggungjawabnonbeasiswa` WHERE `penanggungjawabnonbeasiswa`.`nomor_induk` = '231511042' LIMIT 1[0m
  [1m[36mPenerimaNonBeasiswa Load (0.4ms)[0m  [1m[34mSELECT `penerimanonbeasiswa`.* FROM `penerimanonbeasiswa` WHERE `penerimanonbeasiswa`.`nomor_induk` = '231511039' LIMIT 1[0m
  [1m[36mPenanggungJawabNonBeasiswaHasPenerimaNonBeasiswa Create (0.2ms)[0m  [1m[32mINSERT INTO `penanggungjawabnonbeasiswa_has_penerimanonbeasiswa` (`penanggung_jawab_non_beasiswa_id`, `penerima_non_beasiswa_id`) VALUES ('231511042', '231511039')[0m
  [1m[36mTRANSACTION (4.1ms)[0m  [1m[35mCOMMIT[0m
  [1m[36mTRANSACTION (0.1ms)[0m  [1m[35mBEGIN[0m
  [1m[36mRekeningBank Create (0.2ms)[0m  [1m[32mINSERT INTO `rekeningbank` (`nomor_rekening`, `nama_bank`, `nama_pemilik_rekening`, `penanggung_jawab_id`, `mahasiswa_id`, `penerima_non_beasiswa_id`, `donatur_id`) VALUES ('1234567890123456', 'BRI', 'Daiva Raditya Pradipa', 1, '231511039', '231511039', '081234567890')[0m
  [1m[36mTRANSACTION (6.7ms)[0m  [1m[35mCOMMIT[0m
  [1m[35m (0.3ms)[0m  [1m[34mSELECT GET_LOCK('4048634500194662280', 0)[0m
  [1m[35m (9.7ms)[0m  [1m[34mSELECT `schema_migrations`.`version` FROM `schema_migrations` ORDER BY `schema_migrations`.`version` ASC[0m
  [1m[36mActiveRecord::InternalMetadata Load (2.6ms)[0m  [1m[34mSELECT `ar_internal_metadata`.* FROM `ar_internal_metadata` WHERE `ar_internal_metadata`.`key` = 'environment' LIMIT 1[0m
  [1m[35m (0.5ms)[0m  [1m[34mSELECT RELEASE_LOCK('4048634500194662280')[0m
  [1m[35m (0.5ms)[0m  [1m[34mSELECT `schema_migrations`.`version` FROM `schema_migrations` ORDER BY `schema_migrations`.`version` ASC[0m
Started GET "/" for 127.0.0.1 at 2025-06-18 22:26:52 +0700
  [1m[35m (1.1ms)[0m  [1m[34mSELECT `schema_migrations`.`version` FROM `schema_migrations` ORDER BY `schema_migrations`.`version` ASC[0m
Processing by Rails::WelcomeController#index as HTML
  Rendering /home/alyag/.local/share/mise/installs/ruby/3.1.4/lib/ruby/gems/3.1.0/gems/railties-6.1.7.6/lib/rails/templates/rails/welcome/index.html.erb
  Rendered /home/alyag/.local/share/mise/installs/ruby/3.1.4/lib/ruby/gems/3.1.0/gems/railties-6.1.7.6/lib/rails/templates/rails/welcome/index.html.erb (Duration: 55.7ms | Allocations: 582)
Completed 200 OK in 165ms (Views: 102.0ms | ActiveRecord: 0.0ms | Allocations: 3105)


  [1m[35m (0.3ms)[0m  [1m[34mSELECT GET_LOCK('4048634500194662280', 0)[0m
  [1m[35m (0.6ms)[0m  [1m[34mSELECT `schema_migrations`.`version` FROM `schema_migrations` ORDER BY `schema_migrations`.`version` ASC[0m
  [1m[36mActiveRecord::InternalMetadata Load (0.8ms)[0m  [1m[34mSELECT `ar_internal_metadata`.* FROM `ar_internal_metadata` WHERE `ar_internal_metadata`.`key` = 'environment' LIMIT 1[0m
  [1m[35m (0.5ms)[0m  [1m[34mSELECT RELEASE_LOCK('4048634500194662280')[0m
  [1m[35m (0.4ms)[0m  [1m[34mSELECT `schema_migrations`.`version` FROM `schema_migrations` ORDER BY `schema_migrations`.`version` ASC[0m
  [1m[36mTRANSACTION (0.3ms)[0m  [1m[35mBEGIN[0m
  [1m[36mPenanggungJawabNonBeasiswa Create (2.5ms)[0m  [1m[32mINSERT INTO `penanggungjawabnonbeasiswa` (`nomor_induk`, `nama`, `nomor_telepon`) VALUES ('PJ001', 'Romli', '+6288905126629')[0m
  [1m[36mTRANSACTION (2.2ms)[0m  [1m[35mCOMMIT[0m
  [1m[36mTRANSACTION (0.4ms)[0m  [1m[35mBEGIN[0m
  [1m[36mBantuanDanaNonBeasiswa Create (3.2ms)[0m  [1m[32mINSERT INTO `bantuandananonbeasiswa` (`bantuan_dana_non_beasiswa_id`, `judul_galang_dana`, `waktu_galang_dana`, `deskripsi_galang_dana`, `dana_yang_dibutuhkan`, `bukti_butuh_bantuan`, `kategori`, `status_pengajuan`, `penanggung_jawab_non_beasiswa_id`) VALUES (0, 'Bantuan Bencana Alam', '2025-06-19', 'Bantuan untuk korban banjir', 5000000, 'bukti.png', 'Bencana', 1, 'PJ001')[0m
  [1m[36mTRANSACTION (1.4ms)[0m  [1m[35mCOMMIT[0m
  [1m[36mTRANSACTION (0.3ms)[0m  [1m[35mBEGIN[0m
  [1m[36mPenanggungJawabNonBeasiswa Create (1.0ms)[0m  [1m[32mINSERT INTO `penanggungjawabnonbeasiswa` (`nomor_induk`, `nama`, `nomor_telepon`) VALUES ('PJ001', 'Romli', '+6288905126629')[0m
  [1m[36mTRANSACTION (0.2ms)[0m  [1m[31mROLLBACK[0m
  [1m[36mTRANSACTION (0.3ms)[0m  [1m[35mBEGIN[0m
  [1m[36mPenanggungJawabNonBeasiswa Load (0.7ms)[0m  [1m[34mSELECT `penanggungjawabnonbeasiswa`.* FROM `penanggungjawabnonbeasiswa` WHERE `penanggungjawabnonbeasiswa`.`nomor_induk` = 'PJ001' LIMIT 1[0m
  [1m[36mBantuanDanaNonBeasiswa Create (0.8ms)[0m  [1m[32mINSERT INTO `bantuandananonbeasiswa` (`bantuan_dana_non_beasiswa_id`, `judul_galang_dana`, `waktu_galang_dana`, `deskripsi_galang_dana`, `dana_yang_dibutuhkan`, `bukti_butuh_bantuan`, `kategori`, `status_pengajuan`, `penanggung_jawab_non_beasiswa_id`) VALUES (7906612, 'Bantuan Bencana Alam', '2025-06-19', 'Bantuan untuk korban banjir', 5000000, 'bukti.png', 'Bencana', 1, 'PJ001')[0m
[Twilio] Error: TWILIO_ACCOUNT_SID tidak diset di environment
  [1m[36mTRANSACTION (6.1ms)[0m  [1m[31mROLLBACK[0m
  [1m[36mTRANSACTION (0.3ms)[0m  [1m[35mBEGIN[0m
  [1m[36mPenanggungJawabNonBeasiswa Load (0.7ms)[0m  [1m[34mSELECT `penanggungjawabnonbeasiswa`.* FROM `penanggungjawabnonbeasiswa` WHERE `penanggungjawabnonbeasiswa`.`nomor_induk` = 'PJ001' LIMIT 1[0m
  [1m[36mBantuanDanaNonBeasiswa Create (1.3ms)[0m  [1m[32mINSERT INTO `bantuandananonbeasiswa` (`bantuan_dana_non_beasiswa_id`, `judul_galang_dana`, `waktu_galang_dana`, `deskripsi_galang_dana`, `dana_yang_dibutuhkan`, `bukti_butuh_bantuan`, `kategori`, `status_pengajuan`, `penanggung_jawab_non_beasiswa_id`) VALUES (0, 'Bantuan Bencana Alam', '2025-06-19', 'Bantuan untuk korban banjir', 5000000, 'bukti.png', 'Bencana', 1, 'PJ001')[0m
  [1m[36mTRANSACTION (0.5ms)[0m  [1m[31mROLLBACK[0m
  [1m[36mPenanggungJawabNonBeasiswa Load (0.3ms)[0m  [1m[34mSELECT `penanggungjawabnonbeasiswa`.* FROM `penanggungjawabnonbeasiswa` WHERE `penanggungjawabnonbeasiswa`.`nomor_induk` = 'PJ001' LIMIT 1[0m
  [1m[36mBantuanDanaNonBeasiswa Load (0.8ms)[0m  [1m[34mSELECT `bantuandananonbeasiswa`.* FROM `bantuandananonbeasiswa` WHERE `bantuandananonbeasiswa`.`penanggung_jawab_non_beasiswa_id` = 'PJ001' AND `bantuandananonbeasiswa`.`status_pengajuan` = 1[0m
  [1m[36mTRANSACTION (0.3ms)[0m  [1m[35mBEGIN[0m
  [1m[36mBantuanDanaNonBeasiswa Destroy (2.8ms)[0m  [1m[31mDELETE FROM `bantuandananonbeasiswa` WHERE `bantuandananonbeasiswa`.`bantuan_dana_non_beasiswa_id` = 0[0m
  [1m[36mTRANSACTION (2.1ms)[0m  [1m[35mCOMMIT[0m
  [1m[36mTRANSACTION (0.5ms)[0m  [1m[35mBEGIN[0m
  [1m[36mPenanggungJawabNonBeasiswa Load (0.9ms)[0m  [1m[34mSELECT `penanggungjawabnonbeasiswa`.* FROM `penanggungjawabnonbeasiswa` WHERE `penanggungjawabnonbeasiswa`.`nomor_induk` = 'PJ001' LIMIT 1[0m
  [1m[36mBantuanDanaNonBeasiswa Load (0.7ms)[0m  [1m[34mSELECT `bantuandananonbeasiswa`.* FROM `bantuandananonbeasiswa` WHERE `bantuandananonbeasiswa`.`penanggung_jawab_non_beasiswa_id` = 'PJ001' AND `bantuandananonbeasiswa`.`status_pengajuan` = 1 LIMIT 1[0m
  [1m[36mBantuanDanaNonBeasiswa Create (0.9ms)[0m  [1m[32mINSERT INTO `bantuandananonbeasiswa` (`bantuan_dana_non_beasiswa_id`, `judul_galang_dana`, `waktu_galang_dana`, `deskripsi_galang_dana`, `dana_yang_dibutuhkan`, `bukti_butuh_bantuan`, `kategori`, `status_pengajuan`, `penanggung_jawab_non_beasiswa_id`) VALUES (0, 'Bantuan Bencana Alam', '2025-06-19', 'Bantuan untuk korban banjir', 5000000, 'bukti.png', 'Bencana', 1, 'PJ001')[0m
  [1m[36mTRANSACTION (21.0ms)[0m  [1m[31mROLLBACK[0m
  [1m[36mTRANSACTION (0.4ms)[0m  [1m[35mBEGIN[0m
  [1m[36mPenanggungJawabNonBeasiswa Load (0.7ms)[0m  [1m[34mSELECT `penanggungjawabnonbeasiswa`.* FROM `penanggungjawabnonbeasiswa` WHERE `penanggungjawabnonbeasiswa`.`nomor_induk` = 'PJ001' LIMIT 1[0m
  [1m[36mBantuanDanaNonBeasiswa Load (0.9ms)[0m  [1m[34mSELECT `bantuandananonbeasiswa`.* FROM `bantuandananonbeasiswa` WHERE `bantuandananonbeasiswa`.`penanggung_jawab_non_beasiswa_id` = 'PJ001' AND `bantuandananonbeasiswa`.`status_pengajuan` = 1 LIMIT 1[0m
  [1m[36mBantuanDanaNonBeasiswa Create (0.8ms)[0m  [1m[32mINSERT INTO `bantuandananonbeasiswa` (`bantuan_dana_non_beasiswa_id`, `judul_galang_dana`, `waktu_galang_dana`, `deskripsi_galang_dana`, `dana_yang_dibutuhkan`, `bukti_butuh_bantuan`, `kategori`, `status_pengajuan`, `penanggung_jawab_non_beasiswa_id`) VALUES (406, 'Bantuan Bencana Alam', '2025-06-19', 'Bantuan untuk korban banjir', 5000000, 'bukti.png', 'Bencana', 1, 'PJ001')[0m
[Skrip] Error: ActiveRecord::Rollback
  [1m[36mTRANSACTION (7.8ms)[0m  [1m[31mROLLBACK[0m
  [1m[36mTRANSACTION (0.2ms)[0m  [1m[35mBEGIN[0m
  [1m[36mPenanggungJawabNonBeasiswa Load (0.6ms)[0m  [1m[34mSELECT `penanggungjawabnonbeasiswa`.* FROM `penanggungjawabnonbeasiswa` WHERE `penanggungjawabnonbeasiswa`.`nomor_induk` = 'PJ001' LIMIT 1[0m
  [1m[36mBantuanDanaNonBeasiswa Load (0.6ms)[0m  [1m[34mSELECT `bantuandananonbeasiswa`.* FROM `bantuandananonbeasiswa` WHERE `bantuandananonbeasiswa`.`penanggung_jawab_non_beasiswa_id` = 'PJ001' AND `bantuandananonbeasiswa`.`status_pengajuan` = 1 LIMIT 1[0m
  [1m[36mBantuanDanaNonBeasiswa Create (0.6ms)[0m  [1m[32mINSERT INTO `bantuandananonbeasiswa` (`bantuan_dana_non_beasiswa_id`, `judul_galang_dana`, `waktu_galang_dana`, `deskripsi_galang_dana`, `dana_yang_dibutuhkan`, `bukti_butuh_bantuan`, `kategori`, `status_pengajuan`, `penanggung_jawab_non_beasiswa_id`) VALUES (0, 'Bantuan Bencana Alam', '2025-06-19', 'Bantuan untuk korban banjir', 5000000, 'bukti.png', 'Bencana', 1, 'PJ001')[0m
[Skrip] Error: ActiveRecord::Rollback
  [1m[36mTRANSACTION (7.3ms)[0m  [1m[31mROLLBACK[0m
  [1m[36mTRANSACTION (0.3ms)[0m  [1m[35mBEGIN[0m
  [1m[36mMahasiswa Create (9.2ms)[0m  [1m[32mINSERT INTO `mahasiswa` (`nim`, `nama`, `nomor_telepon`) VALUES ('12345678', 'Budi', '+6281234567890')[0m
  [1m[36mPenanggungJawab Create (2.3ms)[0m  [1m[32mINSERT INTO `penanggungjawab` (`role`, `nama`, `username`, `password_digest`, `nomor_telepon`) VALUES (0, 'Pak Andi', 'andi_jtk', '$2a$12$.d1DgMbm2xpXpVd0/u4HfeSAZNE05ZBUcWMV6./bsm8WeCtgHVvXC', '+6281234567890')[0m
  [1m[36mPenggalanganDanaBeasiswa Create (2.3ms)[0m  [1m[32mINSERT INTO `penggalangandanabeasiswa` (`penggalangan_dana_beasiswa_id`, `deskripsi`, `judul`, `waktu_dimulai`, `waktu_berakhir`, `target_dana`, `target_penerima`, `total_nominal_terkumpul`, `status`, `penanggung_jawab_id`) VALUES (23, 'Beasiswa untuk mahasiswa berprestasi', 'Program Beasiswa JTK 2025', '2025-06-19', '2025-07-19', 100000000, 10, 0, 0, 0)[0m
  [1m[36mBantuanDanaBeasiswa Create (3.5ms)[0m  [1m[32mINSERT INTO `bantuandanabeasiswa` (`bantuan_dana_beasiswa_id`, `alasan_butuh_bantuan`, `golongan_ukt`, `kuitansi_pembayaran_ukt`, `gaji_orang_tua`, `bukti_slip_gaji_orang_tua`, `esai`, `jumlah_tanggungan_keluarga`, `biaya_transportasi`, `biaya_internet`, `biaya_konsumsi`, `total_pengeluaran_keluarga`, `status_pengajuan`, `mahasiswa_id`, `penggalangan_dana_beasiswa_id`) VALUES (11, 'Butuh biaya kuliah', 1, 'kuitansi.pdf', 5000000, 'slip.pdf', 'Esai motivasi', 4, '200000', '100000', '300000', 1000000, 1, '12345678', 23)[0m
[Skrip] Error: ActiveRecord::Rollback
  [1m[36mTRANSACTION (2.2ms)[0m  [1m[31mROLLBACK[0m
  [1m[36mTRANSACTION (0.4ms)[0m  [1m[35mBEGIN[0m
  [1m[36mMahasiswa Create (0.8ms)[0m  [1m[32mINSERT INTO `mahasiswa` (`nim`, `nama`, `nomor_telepon`) VALUES ('12345678', 'Budi', '+6288905126629')[0m
  [1m[36mPenanggungJawab Create (0.9ms)[0m  [1m[32mINSERT INTO `penanggungjawab` (`role`, `nama`, `username`, `password_digest`, `nomor_telepon`) VALUES (0, 'Pak Andi', 'andi_jtk', '$2a$12$XGsDfIf/dFvZddNvrzS.feVWE8DF7ukZyBUZCJSKIyyon7qxoL/ja', '+6281234567890')[0m
  [1m[36mPenggalanganDanaBeasiswa Create (0.9ms)[0m  [1m[32mINSERT INTO `penggalangandanabeasiswa` (`penggalangan_dana_beasiswa_id`, `deskripsi`, `judul`, `waktu_dimulai`, `waktu_berakhir`, `target_dana`, `target_penerima`, `total_nominal_terkumpul`, `status`, `penanggung_jawab_id`) VALUES (0, 'Beasiswa untuk mahasiswa berprestasi', 'Program Beasiswa JTK 2025', '2025-06-19', '2025-07-19', 100000000, 10, 0, 0, 0)[0m
  [1m[36mBantuanDanaBeasiswa Create (1.1ms)[0m  [1m[32mINSERT INTO `bantuandanabeasiswa` (`bantuan_dana_beasiswa_id`, `alasan_butuh_bantuan`, `golongan_ukt`, `kuitansi_pembayaran_ukt`, `gaji_orang_tua`, `bukti_slip_gaji_orang_tua`, `esai`, `jumlah_tanggungan_keluarga`, `biaya_transportasi`, `biaya_internet`, `biaya_konsumsi`, `total_pengeluaran_keluarga`, `status_pengajuan`, `mahasiswa_id`, `penggalangan_dana_beasiswa_id`) VALUES (26189149, 'Butuh biaya kuliah', 1, 'kuitansi.pdf', 5000000, 'slip.pdf', 'Esai motivasi', 4, '200000', '100000', '300000', 1000000, 1, '12345678', 0)[0m
[Skrip] Error: ActiveRecord::Rollback
  [1m[36mTRANSACTION (7.6ms)[0m  [1m[31mROLLBACK[0m
